{"/Users/junliu/code/wineapp-v3/frontend/src/api/apiClient.ts": {"path":"/Users/junliu/code/wineapp-v3/frontend/src/api/apiClient.ts","statementMap":{"0":{"start":{"line":5,"column":16},"end":{"line":5,"column":80}},"1":{"start":{"line":7,"column":25},"end":{"line":13,"column":2}},"2":{"start":{"line":16,"column":0},"end":{"line":28,"column":2}},"3":{"start":{"line":23,"column":4},"end":{"line":23,"column":18}},"4":{"start":{"line":26,"column":4},"end":{"line":26,"column":33}},"5":{"start":{"line":31,"column":0},"end":{"line":50,"column":2}},"6":{"start":{"line":33,"column":4},"end":{"line":33,"column":20}},"7":{"start":{"line":37,"column":4},"end":{"line":47,"column":5}},"8":{"start":{"line":40,"column":6},"end":{"line":40,"column":64}},"9":{"start":{"line":41,"column":11},"end":{"line":47,"column":5}},"10":{"start":{"line":43,"column":6},"end":{"line":43,"column":55}},"11":{"start":{"line":46,"column":6},"end":{"line":46,"column":57}},"12":{"start":{"line":48,"column":4},"end":{"line":48,"column":33}}},"fnMap":{"0":{"name":"(anonymous_0)","decl":{"start":{"line":17,"column":2},"end":{"line":17,"column":3}},"loc":{"start":{"line":17,"column":20},"end":{"line":24,"column":3}},"line":17},"1":{"name":"(anonymous_1)","decl":{"start":{"line":25,"column":2},"end":{"line":25,"column":3}},"loc":{"start":{"line":25,"column":13},"end":{"line":27,"column":3}},"line":25},"2":{"name":"(anonymous_2)","decl":{"start":{"line":32,"column":2},"end":{"line":32,"column":3}},"loc":{"start":{"line":32,"column":16},"end":{"line":34,"column":3}},"line":32},"3":{"name":"(anonymous_3)","decl":{"start":{"line":35,"column":2},"end":{"line":35,"column":3}},"loc":{"start":{"line":35,"column":13},"end":{"line":49,"column":3}},"line":35}},"branchMap":{"0":{"loc":{"start":{"line":5,"column":16},"end":{"line":5,"column":80}},"type":"binary-expr","locations":[{"start":{"line":5,"column":16},"end":{"line":5,"column":51}},{"start":{"line":5,"column":55},"end":{"line":5,"column":80}}],"line":5},"1":{"loc":{"start":{"line":37,"column":4},"end":{"line":47,"column":5}},"type":"if","locations":[{"start":{"line":37,"column":4},"end":{"line":47,"column":5}},{"start":{"line":41,"column":11},"end":{"line":47,"column":5}}],"line":37},"2":{"loc":{"start":{"line":41,"column":11},"end":{"line":47,"column":5}},"type":"if","locations":[{"start":{"line":41,"column":11},"end":{"line":47,"column":5}},{"start":{"line":44,"column":11},"end":{"line":47,"column":5}}],"line":41}},"s":{"0":0,"1":0,"2":0,"3":0,"4":0,"5":0,"6":0,"7":0,"8":0,"9":0,"10":0,"11":0,"12":0},"f":{"0":0,"1":0,"2":0,"3":0},"b":{"0":[0,0],"1":[0,0],"2":[0,0]}}
,"/Users/junliu/code/wineapp-v3/frontend/src/api/cellarService.ts": {"path":"/Users/junliu/code/wineapp-v3/frontend/src/api/cellarService.ts","statementMap":{"0":{"start":{"line":57,"column":29},"end":{"line":115,"column":1}},"1":{"start":{"line":60,"column":21},"end":{"line":60,"column":52}},"2":{"start":{"line":61,"column":4},"end":{"line":61,"column":25}},"3":{"start":{"line":66,"column":21},"end":{"line":66,"column":58}},"4":{"start":{"line":67,"column":4},"end":{"line":67,"column":32}},"5":{"start":{"line":72,"column":21},"end":{"line":72,"column":65}},"6":{"start":{"line":73,"column":4},"end":{"line":73,"column":32}},"7":{"start":{"line":78,"column":21},"end":{"line":78,"column":72}},"8":{"start":{"line":79,"column":4},"end":{"line":79,"column":32}},"9":{"start":{"line":84,"column":4},"end":{"line":84,"column":45}},"10":{"start":{"line":89,"column":21},"end":{"line":89,"column":72}},"11":{"start":{"line":90,"column":4},"end":{"line":90,"column":25}},"12":{"start":{"line":95,"column":21},"end":{"line":95,"column":85}},"13":{"start":{"line":96,"column":4},"end":{"line":96,"column":36}},"14":{"start":{"line":101,"column":21},"end":{"line":101,"column":98}},"15":{"start":{"line":102,"column":4},"end":{"line":102,"column":36}},"16":{"start":{"line":107,"column":4},"end":{"line":107,"column":71}},"17":{"start":{"line":112,"column":21},"end":{"line":112,"column":75}},"18":{"start":{"line":113,"column":4},"end":{"line":113,"column":36}}},"fnMap":{"0":{"name":"(anonymous_0)","decl":{"start":{"line":59,"column":14},"end":{"line":59,"column":15}},"loc":{"start":{"line":59,"column":52},"end":{"line":62,"column":3}},"line":59},"1":{"name":"(anonymous_1)","decl":{"start":{"line":65,"column":17},"end":{"line":65,"column":18}},"loc":{"start":{"line":65,"column":56},"end":{"line":68,"column":3}},"line":65},"2":{"name":"(anonymous_2)","decl":{"start":{"line":71,"column":16},"end":{"line":71,"column":17}},"loc":{"start":{"line":71,"column":72},"end":{"line":74,"column":3}},"line":71},"3":{"name":"(anonymous_3)","decl":{"start":{"line":77,"column":16},"end":{"line":77,"column":17}},"loc":{"start":{"line":77,"column":84},"end":{"line":80,"column":3}},"line":77},"4":{"name":"(anonymous_4)","decl":{"start":{"line":83,"column":16},"end":{"line":83,"column":17}},"loc":{"start":{"line":83,"column":53},"end":{"line":85,"column":3}},"line":83},"5":{"name":"(anonymous_5)","decl":{"start":{"line":88,"column":24},"end":{"line":88,"column":25}},"loc":{"start":{"line":88,"column":82},"end":{"line":91,"column":3}},"line":88},"6":{"name":"(anonymous_6)","decl":{"start":{"line":94,"column":13},"end":{"line":94,"column":14}},"loc":{"start":{"line":94,"column":95},"end":{"line":97,"column":3}},"line":94},"7":{"name":"(anonymous_7)","decl":{"start":{"line":100,"column":16},"end":{"line":100,"column":17}},"loc":{"start":{"line":100,"column":116},"end":{"line":103,"column":3}},"line":100},"8":{"name":"(anonymous_8)","decl":{"start":{"line":106,"column":16},"end":{"line":106,"column":17}},"loc":{"start":{"line":106,"column":77},"end":{"line":108,"column":3}},"line":106},"9":{"name":"(anonymous_9)","decl":{"start":{"line":111,"column":23},"end":{"line":111,"column":24}},"loc":{"start":{"line":111,"column":78},"end":{"line":114,"column":3}},"line":111}},"branchMap":{},"s":{"0":0,"1":0,"2":0,"3":0,"4":0,"5":0,"6":0,"7":0,"8":0,"9":0,"10":0,"11":0,"12":0,"13":0,"14":0,"15":0,"16":0,"17":0,"18":0},"f":{"0":0,"1":0,"2":0,"3":0,"4":0,"5":0,"6":0,"7":0,"8":0,"9":0},"b":{}}
,"/Users/junliu/code/wineapp-v3/frontend/src/api/index.ts": {"path":"/Users/junliu/code/wineapp-v3/frontend/src/api/index.ts","statementMap":{"0":{"start":{"line":7,"column":17},"end":{"line":7,"column":50}},"1":{"start":{"line":8,"column":22},"end":{"line":8,"column":60}},"2":{"start":{"line":9,"column":14},"end":{"line":9,"column":35}},"3":{"start":{"line":12,"column":14},"end":{"line":12,"column":46}},"4":{"start":{"line":15,"column":0},"end":{"line":35,"column":1}},"5":{"start":{"line":16,"column":2},"end":{"line":32,"column":3}},"6":{"start":{"line":19,"column":4},"end":{"line":19,"column":45}},"7":{"start":{"line":26,"column":4},"end":{"line":26,"column":44}},"8":{"start":{"line":29,"column":4},"end":{"line":31,"column":5}},"9":{"start":{"line":30,"column":6},"end":{"line":30,"column":47}},"10":{"start":{"line":34,"column":2},"end":{"line":34,"column":49}},"11":{"start":{"line":38,"column":25},"end":{"line":45,"column":2}},"12":{"start":{"line":48,"column":0},"end":{"line":67,"column":2}},"13":{"start":{"line":51,"column":18},"end":{"line":51,"column":53}},"14":{"start":{"line":52,"column":4},"end":{"line":54,"column":5}},"15":{"start":{"line":53,"column":6},"end":{"line":53,"column":55}},"16":{"start":{"line":56,"column":4},"end":{"line":58,"column":5}},"17":{"start":{"line":57,"column":6},"end":{"line":57,"column":90}},"18":{"start":{"line":59,"column":4},"end":{"line":59,"column":18}},"19":{"start":{"line":62,"column":4},"end":{"line":64,"column":5}},"20":{"start":{"line":63,"column":6},"end":{"line":63,"column":49}},"21":{"start":{"line":65,"column":4},"end":{"line":65,"column":33}},"22":{"start":{"line":70,"column":0},"end":{"line":87,"column":2}},"23":{"start":{"line":72,"column":4},"end":{"line":72,"column":20}},"24":{"start":{"line":75,"column":4},"end":{"line":84,"column":5}},"25":{"start":{"line":76,"column":6},"end":{"line":76,"column":49}},"26":{"start":{"line":78,"column":6},"end":{"line":83,"column":7}},"27":{"start":{"line":79,"column":8},"end":{"line":79,"column":61}},"28":{"start":{"line":80,"column":8},"end":{"line":80,"column":65}},"29":{"start":{"line":81,"column":13},"end":{"line":83,"column":7}},"30":{"start":{"line":82,"column":8},"end":{"line":82,"column":62}},"31":{"start":{"line":85,"column":4},"end":{"line":85,"column":33}}},"fnMap":{"0":{"name":"(anonymous_0)","decl":{"start":{"line":49,"column":2},"end":{"line":49,"column":3}},"loc":{"start":{"line":49,"column":20},"end":{"line":60,"column":3}},"line":49},"1":{"name":"(anonymous_1)","decl":{"start":{"line":61,"column":2},"end":{"line":61,"column":3}},"loc":{"start":{"line":61,"column":13},"end":{"line":66,"column":3}},"line":61},"2":{"name":"(anonymous_2)","decl":{"start":{"line":71,"column":2},"end":{"line":71,"column":3}},"loc":{"start":{"line":71,"column":16},"end":{"line":73,"column":3}},"line":71},"3":{"name":"(anonymous_3)","decl":{"start":{"line":74,"column":2},"end":{"line":74,"column":3}},"loc":{"start":{"line":74,"column":13},"end":{"line":86,"column":3}},"line":74}},"branchMap":{"0":{"loc":{"start":{"line":15,"column":0},"end":{"line":35,"column":1}},"type":"if","locations":[{"start":{"line":15,"column":0},"end":{"line":35,"column":1}},{"start":{},"end":{}}],"line":15},"1":{"loc":{"start":{"line":16,"column":2},"end":{"line":32,"column":3}},"type":"if","locations":[{"start":{"line":16,"column":2},"end":{"line":32,"column":3}},{"start":{"line":24,"column":9},"end":{"line":32,"column":3}}],"line":16},"2":{"loc":{"start":{"line":29,"column":4},"end":{"line":31,"column":5}},"type":"if","locations":[{"start":{"line":29,"column":4},"end":{"line":31,"column":5}},{"start":{},"end":{}}],"line":29},"3":{"loc":{"start":{"line":52,"column":4},"end":{"line":54,"column":5}},"type":"if","locations":[{"start":{"line":52,"column":4},"end":{"line":54,"column":5}},{"start":{},"end":{}}],"line":52},"4":{"loc":{"start":{"line":56,"column":4},"end":{"line":58,"column":5}},"type":"if","locations":[{"start":{"line":56,"column":4},"end":{"line":58,"column":5}},{"start":{},"end":{}}],"line":56},"5":{"loc":{"start":{"line":62,"column":4},"end":{"line":64,"column":5}},"type":"if","locations":[{"start":{"line":62,"column":4},"end":{"line":64,"column":5}},{"start":{},"end":{}}],"line":62},"6":{"loc":{"start":{"line":75,"column":4},"end":{"line":84,"column":5}},"type":"if","locations":[{"start":{"line":75,"column":4},"end":{"line":84,"column":5}},{"start":{},"end":{}}],"line":75},"7":{"loc":{"start":{"line":78,"column":6},"end":{"line":83,"column":7}},"type":"if","locations":[{"start":{"line":78,"column":6},"end":{"line":83,"column":7}},{"start":{"line":81,"column":13},"end":{"line":83,"column":7}}],"line":78},"8":{"loc":{"start":{"line":81,"column":13},"end":{"line":83,"column":7}},"type":"if","locations":[{"start":{"line":81,"column":13},"end":{"line":83,"column":7}},{"start":{},"end":{}}],"line":81}},"s":{"0":0,"1":0,"2":0,"3":0,"4":0,"5":0,"6":0,"7":0,"8":0,"9":0,"10":0,"11":0,"12":0,"13":0,"14":0,"15":0,"16":0,"17":0,"18":0,"19":0,"20":0,"21":0,"22":0,"23":0,"24":0,"25":0,"26":0,"27":0,"28":0,"29":0,"30":0,"31":0},"f":{"0":0,"1":0,"2":0,"3":0},"b":{"0":[0,0],"1":[0,0],"2":[0,0],"3":[0,0],"4":[0,0],"5":[0,0],"6":[0,0],"7":[0,0],"8":[0,0]}}
,"/Users/junliu/code/wineapp-v3/frontend/src/api/mockCellarService.ts": {"path":"/Users/junliu/code/wineapp-v3/frontend/src/api/mockCellarService.ts","statementMap":{"0":{"start":{"line":16,"column":30},"end":{"line":33,"column":1}},"1":{"start":{"line":35,"column":18},"end":{"line":72,"column":1}},"2":{"start":{"line":74,"column":38},"end":{"line":114,"column":1}},"3":{"start":{"line":117,"column":14},"end":{"line":117,"column":77}},"4":{"start":{"line":117,"column":30},"end":{"line":117,"column":77}},"5":{"start":{"line":117,"column":53},"end":{"line":117,"column":76}},"6":{"start":{"line":120,"column":33},"end":{"line":323,"column":1}},"7":{"start":{"line":122,"column":4},"end":{"line":122,"column":21}},"8":{"start":{"line":123,"column":19},"end":{"line":123,"column":76}},"9":{"start":{"line":125,"column":28},"end":{"line":125,"column":83}},"10":{"start":{"line":125,"column":57},"end":{"line":125,"column":82}},"11":{"start":{"line":127,"column":4},"end":{"line":130,"column":6}},"12":{"start":{"line":134,"column":4},"end":{"line":134,"column":21}},"13":{"start":{"line":135,"column":19},"end":{"line":135,"column":53}},"14":{"start":{"line":135,"column":41},"end":{"line":135,"column":52}},"15":{"start":{"line":136,"column":4},"end":{"line":138,"column":5}},"16":{"start":{"line":137,"column":6},"end":{"line":137,"column":56}},"17":{"start":{"line":139,"column":4},"end":{"line":139,"column":18}},"18":{"start":{"line":143,"column":4},"end":{"line":143,"column":21}},"19":{"start":{"line":144,"column":30},"end":{"line":152,"column":5}},"20":{"start":{"line":154,"column":4},"end":{"line":154,"column":32}},"21":{"start":{"line":155,"column":4},"end":{"line":155,"column":21}},"22":{"start":{"line":159,"column":4},"end":{"line":159,"column":21}},"23":{"start":{"line":160,"column":18},"end":{"line":160,"column":57}},"24":{"start":{"line":160,"column":45},"end":{"line":160,"column":56}},"25":{"start":{"line":161,"column":4},"end":{"line":163,"column":5}},"26":{"start":{"line":162,"column":6},"end":{"line":162,"column":56}},"27":{"start":{"line":165,"column":4},"end":{"line":169,"column":6}},"28":{"start":{"line":171,"column":4},"end":{"line":171,"column":30}},"29":{"start":{"line":175,"column":4},"end":{"line":175,"column":21}},"30":{"start":{"line":176,"column":18},"end":{"line":176,"column":57}},"31":{"start":{"line":176,"column":45},"end":{"line":176,"column":56}},"32":{"start":{"line":177,"column":4},"end":{"line":179,"column":5}},"33":{"start":{"line":178,"column":6},"end":{"line":178,"column":56}},"34":{"start":{"line":181,"column":4},"end":{"line":181,"column":33}},"35":{"start":{"line":184,"column":30},"end":{"line":184,"column":32}},"36":{"start":{"line":185,"column":4},"end":{"line":189,"column":5}},"37":{"start":{"line":185,"column":17},"end":{"line":185,"column":43}},"38":{"start":{"line":186,"column":6},"end":{"line":188,"column":7}},"39":{"start":{"line":187,"column":8},"end":{"line":187,"column":34}},"40":{"start":{"line":191,"column":4},"end":{"line":193,"column":5}},"41":{"start":{"line":192,"column":6},"end":{"line":192,"column":37}},"42":{"start":{"line":197,"column":4},"end":{"line":197,"column":21}},"43":{"start":{"line":198,"column":50},"end":{"line":198,"column":56}},"44":{"start":{"line":200,"column":24},"end":{"line":200,"column":80}},"45":{"start":{"line":200,"column":53},"end":{"line":200,"column":79}},"46":{"start":{"line":202,"column":4},"end":{"line":204,"column":5}},"47":{"start":{"line":203,"column":6},"end":{"line":203,"column":73}},"48":{"start":{"line":203,"column":49},"end":{"line":203,"column":71}},"49":{"start":{"line":206,"column":4},"end":{"line":208,"column":5}},"50":{"start":{"line":207,"column":6},"end":{"line":207,"column":71}},"51":{"start":{"line":207,"column":49},"end":{"line":207,"column":69}},"52":{"start":{"line":210,"column":4},"end":{"line":217,"column":5}},"53":{"start":{"line":211,"column":25},"end":{"line":211,"column":44}},"54":{"start":{"line":212,"column":6},"end":{"line":216,"column":8}},"55":{"start":{"line":213,"column":8},"end":{"line":215,"column":58}},"56":{"start":{"line":219,"column":4},"end":{"line":222,"column":6}},"57":{"start":{"line":226,"column":4},"end":{"line":226,"column":21}},"58":{"start":{"line":227,"column":24},"end":{"line":227,"column":80}},"59":{"start":{"line":227,"column":53},"end":{"line":227,"column":79}},"60":{"start":{"line":229,"column":25},"end":{"line":229,"column":78}},"61":{"start":{"line":229,"column":57},"end":{"line":229,"column":74}},"62":{"start":{"line":231,"column":23},"end":{"line":233,"column":9}},"63":{"start":{"line":232,"column":6},"end":{"line":232,"column":58}},"64":{"start":{"line":235,"column":50},"end":{"line":235,"column":52}},"65":{"start":{"line":236,"column":52},"end":{"line":236,"column":54}},"66":{"start":{"line":237,"column":53},"end":{"line":237,"column":55}},"67":{"start":{"line":239,"column":4},"end":{"line":251,"column":5}},"68":{"start":{"line":241,"column":19},"end":{"line":241,"column":44}},"69":{"start":{"line":242,"column":6},"end":{"line":242,"column":69}},"70":{"start":{"line":245,"column":21},"end":{"line":245,"column":48}},"71":{"start":{"line":246,"column":6},"end":{"line":246,"column":77}},"72":{"start":{"line":249,"column":22},"end":{"line":249,"column":50}},"73":{"start":{"line":250,"column":6},"end":{"line":250,"column":81}},"74":{"start":{"line":253,"column":4},"end":{"line":259,"column":6}},"75":{"start":{"line":263,"column":4},"end":{"line":263,"column":21}},"76":{"start":{"line":264,"column":23},"end":{"line":264,"column":75}},"77":{"start":{"line":264,"column":50},"end":{"line":264,"column":74}},"78":{"start":{"line":265,"column":4},"end":{"line":267,"column":5}},"79":{"start":{"line":266,"column":6},"end":{"line":266,"column":73}},"80":{"start":{"line":268,"column":4},"end":{"line":268,"column":22}},"81":{"start":{"line":272,"column":4},"end":{"line":272,"column":21}},"82":{"start":{"line":273,"column":17},"end":{"line":273,"column":65}},"83":{"start":{"line":273,"column":37},"end":{"line":273,"column":64}},"84":{"start":{"line":274,"column":4},"end":{"line":276,"column":5}},"85":{"start":{"line":275,"column":6},"end":{"line":275,"column":70}},"86":{"start":{"line":278,"column":38},"end":{"line":292,"column":5}},"87":{"start":{"line":294,"column":4},"end":{"line":294,"column":40}},"88":{"start":{"line":295,"column":4},"end":{"line":295,"column":25}},"89":{"start":{"line":299,"column":4},"end":{"line":299,"column":21}},"90":{"start":{"line":300,"column":18},"end":{"line":300,"column":63}},"91":{"start":{"line":300,"column":50},"end":{"line":300,"column":62}},"92":{"start":{"line":301,"column":4},"end":{"line":303,"column":5}},"93":{"start":{"line":302,"column":6},"end":{"line":302,"column":61}},"94":{"start":{"line":305,"column":4},"end":{"line":309,"column":6}},"95":{"start":{"line":311,"column":4},"end":{"line":311,"column":34}},"96":{"start":{"line":315,"column":4},"end":{"line":315,"column":21}},"97":{"start":{"line":316,"column":18},"end":{"line":316,"column":63}},"98":{"start":{"line":316,"column":50},"end":{"line":316,"column":62}},"99":{"start":{"line":317,"column":4},"end":{"line":319,"column":5}},"100":{"start":{"line":318,"column":6},"end":{"line":318,"column":61}},"101":{"start":{"line":321,"column":4},"end":{"line":321,"column":37}}},"fnMap":{"0":{"name":"(anonymous_0)","decl":{"start":{"line":117,"column":14},"end":{"line":117,"column":15}},"loc":{"start":{"line":117,"column":30},"end":{"line":117,"column":77}},"line":117},"1":{"name":"(anonymous_1)","decl":{"start":{"line":117,"column":42},"end":{"line":117,"column":43}},"loc":{"start":{"line":117,"column":53},"end":{"line":117,"column":76}},"line":117},"2":{"name":"(anonymous_2)","decl":{"start":{"line":121,"column":14},"end":{"line":121,"column":15}},"loc":{"start":{"line":121,"column":78},"end":{"line":131,"column":3}},"line":121},"3":{"name":"(anonymous_3)","decl":{"start":{"line":125,"column":47},"end":{"line":125,"column":48}},"loc":{"start":{"line":125,"column":57},"end":{"line":125,"column":82}},"line":125},"4":{"name":"(anonymous_4)","decl":{"start":{"line":133,"column":13},"end":{"line":133,"column":14}},"loc":{"start":{"line":133,"column":52},"end":{"line":140,"column":3}},"line":133},"5":{"name":"(anonymous_5)","decl":{"start":{"line":135,"column":36},"end":{"line":135,"column":37}},"loc":{"start":{"line":135,"column":41},"end":{"line":135,"column":52}},"line":135},"6":{"name":"(anonymous_6)","decl":{"start":{"line":142,"column":16},"end":{"line":142,"column":17}},"loc":{"start":{"line":142,"column":72},"end":{"line":156,"column":3}},"line":142},"7":{"name":"(anonymous_7)","decl":{"start":{"line":158,"column":16},"end":{"line":158,"column":17}},"loc":{"start":{"line":158,"column":84},"end":{"line":172,"column":3}},"line":158},"8":{"name":"(anonymous_8)","decl":{"start":{"line":160,"column":40},"end":{"line":160,"column":41}},"loc":{"start":{"line":160,"column":45},"end":{"line":160,"column":56}},"line":160},"9":{"name":"(anonymous_9)","decl":{"start":{"line":174,"column":16},"end":{"line":174,"column":17}},"loc":{"start":{"line":174,"column":53},"end":{"line":194,"column":3}},"line":174},"10":{"name":"(anonymous_10)","decl":{"start":{"line":176,"column":40},"end":{"line":176,"column":41}},"loc":{"start":{"line":176,"column":45},"end":{"line":176,"column":56}},"line":176},"11":{"name":"(anonymous_11)","decl":{"start":{"line":196,"column":18},"end":{"line":196,"column":19}},"loc":{"start":{"line":196,"column":89},"end":{"line":223,"column":3}},"line":196},"12":{"name":"(anonymous_12)","decl":{"start":{"line":200,"column":47},"end":{"line":200,"column":48}},"loc":{"start":{"line":200,"column":53},"end":{"line":200,"column":79}},"line":200},"13":{"name":"(anonymous_13)","decl":{"start":{"line":203,"column":43},"end":{"line":203,"column":44}},"loc":{"start":{"line":203,"column":49},"end":{"line":203,"column":71}},"line":203},"14":{"name":"(anonymous_14)","decl":{"start":{"line":207,"column":43},"end":{"line":207,"column":44}},"loc":{"start":{"line":207,"column":49},"end":{"line":207,"column":69}},"line":207},"15":{"name":"(anonymous_15)","decl":{"start":{"line":212,"column":43},"end":{"line":212,"column":44}},"loc":{"start":{"line":213,"column":8},"end":{"line":215,"column":58}},"line":213},"16":{"name":"(anonymous_16)","decl":{"start":{"line":225,"column":23},"end":{"line":225,"column":24}},"loc":{"start":{"line":225,"column":79},"end":{"line":260,"column":3}},"line":225},"17":{"name":"(anonymous_17)","decl":{"start":{"line":227,"column":47},"end":{"line":227,"column":48}},"loc":{"start":{"line":227,"column":53},"end":{"line":227,"column":79}},"line":227},"18":{"name":"(anonymous_18)","decl":{"start":{"line":229,"column":44},"end":{"line":229,"column":45}},"loc":{"start":{"line":229,"column":57},"end":{"line":229,"column":74}},"line":229},"19":{"name":"(anonymous_19)","decl":{"start":{"line":231,"column":42},"end":{"line":231,"column":43}},"loc":{"start":{"line":231,"column":55},"end":{"line":233,"column":5}},"line":231},"20":{"name":"(anonymous_20)","decl":{"start":{"line":262,"column":17},"end":{"line":262,"column":18}},"loc":{"start":{"line":262,"column":72},"end":{"line":269,"column":3}},"line":262},"21":{"name":"(anonymous_21)","decl":{"start":{"line":264,"column":44},"end":{"line":264,"column":45}},"loc":{"start":{"line":264,"column":50},"end":{"line":264,"column":74}},"line":264},"22":{"name":"(anonymous_22)","decl":{"start":{"line":271,"column":19},"end":{"line":271,"column":20}},"loc":{"start":{"line":271,"column":86},"end":{"line":296,"column":3}},"line":271},"23":{"name":"(anonymous_23)","decl":{"start":{"line":273,"column":32},"end":{"line":273,"column":33}},"loc":{"start":{"line":273,"column":37},"end":{"line":273,"column":64}},"line":273},"24":{"name":"(anonymous_24)","decl":{"start":{"line":298,"column":20},"end":{"line":298,"column":21}},"loc":{"start":{"line":298,"column":100},"end":{"line":312,"column":3}},"line":298},"25":{"name":"(anonymous_25)","decl":{"start":{"line":300,"column":44},"end":{"line":300,"column":45}},"loc":{"start":{"line":300,"column":50},"end":{"line":300,"column":62}},"line":300},"26":{"name":"(anonymous_26)","decl":{"start":{"line":314,"column":20},"end":{"line":314,"column":21}},"loc":{"start":{"line":314,"column":57},"end":{"line":322,"column":3}},"line":314},"27":{"name":"(anonymous_27)","decl":{"start":{"line":316,"column":44},"end":{"line":316,"column":45}},"loc":{"start":{"line":316,"column":50},"end":{"line":316,"column":62}},"line":316}},"branchMap":{"0":{"loc":{"start":{"line":123,"column":19},"end":{"line":123,"column":76}},"type":"binary-expr","locations":[{"start":{"line":123,"column":19},"end":{"line":123,"column":34}},{"start":{"line":123,"column":38},"end":{"line":123,"column":76}}],"line":123},"1":{"loc":{"start":{"line":136,"column":4},"end":{"line":138,"column":5}},"type":"if","locations":[{"start":{"line":136,"column":4},"end":{"line":138,"column":5}},{"start":{},"end":{}}],"line":136},"2":{"loc":{"start":{"line":148,"column":16},"end":{"line":148,"column":37}},"type":"binary-expr","locations":[{"start":{"line":148,"column":16},"end":{"line":148,"column":31}},{"start":{"line":148,"column":35},"end":{"line":148,"column":37}}],"line":148},"3":{"loc":{"start":{"line":161,"column":4},"end":{"line":163,"column":5}},"type":"if","locations":[{"start":{"line":161,"column":4},"end":{"line":163,"column":5}},{"start":{},"end":{}}],"line":161},"4":{"loc":{"start":{"line":177,"column":4},"end":{"line":179,"column":5}},"type":"if","locations":[{"start":{"line":177,"column":4},"end":{"line":179,"column":5}},{"start":{},"end":{}}],"line":177},"5":{"loc":{"start":{"line":186,"column":6},"end":{"line":188,"column":7}},"type":"if","locations":[{"start":{"line":186,"column":6},"end":{"line":188,"column":7}},{"start":{},"end":{}}],"line":186},"6":{"loc":{"start":{"line":202,"column":4},"end":{"line":204,"column":5}},"type":"if","locations":[{"start":{"line":202,"column":4},"end":{"line":204,"column":5}},{"start":{},"end":{}}],"line":202},"7":{"loc":{"start":{"line":206,"column":4},"end":{"line":208,"column":5}},"type":"if","locations":[{"start":{"line":206,"column":4},"end":{"line":208,"column":5}},{"start":{},"end":{}}],"line":206},"8":{"loc":{"start":{"line":210,"column":4},"end":{"line":217,"column":5}},"type":"if","locations":[{"start":{"line":210,"column":4},"end":{"line":217,"column":5}},{"start":{},"end":{}}],"line":210},"9":{"loc":{"start":{"line":213,"column":8},"end":{"line":215,"column":58}},"type":"binary-expr","locations":[{"start":{"line":213,"column":8},"end":{"line":213,"column":55}},{"start":{"line":214,"column":8},"end":{"line":214,"column":60}},{"start":{"line":215,"column":8},"end":{"line":215,"column":58}}],"line":213},"10":{"loc":{"start":{"line":232,"column":20},"end":{"line":232,"column":42}},"type":"binary-expr","locations":[{"start":{"line":232,"column":20},"end":{"line":232,"column":37}},{"start":{"line":232,"column":41},"end":{"line":232,"column":42}}],"line":232},"11":{"loc":{"start":{"line":241,"column":19},"end":{"line":241,"column":44}},"type":"binary-expr","locations":[{"start":{"line":241,"column":19},"end":{"line":241,"column":31}},{"start":{"line":241,"column":35},"end":{"line":241,"column":44}}],"line":241},"12":{"loc":{"start":{"line":242,"column":29},"end":{"line":242,"column":53}},"type":"binary-expr","locations":[{"start":{"line":242,"column":29},"end":{"line":242,"column":48}},{"start":{"line":242,"column":52},"end":{"line":242,"column":53}}],"line":242},"13":{"loc":{"start":{"line":245,"column":21},"end":{"line":245,"column":48}},"type":"binary-expr","locations":[{"start":{"line":245,"column":21},"end":{"line":245,"column":35}},{"start":{"line":245,"column":39},"end":{"line":245,"column":48}}],"line":245},"14":{"loc":{"start":{"line":246,"column":33},"end":{"line":246,"column":61}},"type":"binary-expr","locations":[{"start":{"line":246,"column":33},"end":{"line":246,"column":56}},{"start":{"line":246,"column":60},"end":{"line":246,"column":61}}],"line":246},"15":{"loc":{"start":{"line":249,"column":22},"end":{"line":249,"column":50}},"type":"binary-expr","locations":[{"start":{"line":249,"column":22},"end":{"line":249,"column":37}},{"start":{"line":249,"column":41},"end":{"line":249,"column":50}}],"line":249},"16":{"loc":{"start":{"line":250,"column":35},"end":{"line":250,"column":65}},"type":"binary-expr","locations":[{"start":{"line":250,"column":35},"end":{"line":250,"column":60}},{"start":{"line":250,"column":64},"end":{"line":250,"column":65}}],"line":250},"17":{"loc":{"start":{"line":265,"column":4},"end":{"line":267,"column":5}},"type":"if","locations":[{"start":{"line":265,"column":4},"end":{"line":267,"column":5}},{"start":{},"end":{}}],"line":265},"18":{"loc":{"start":{"line":274,"column":4},"end":{"line":276,"column":5}},"type":"if","locations":[{"start":{"line":274,"column":4},"end":{"line":276,"column":5}},{"start":{},"end":{}}],"line":274},"19":{"loc":{"start":{"line":301,"column":4},"end":{"line":303,"column":5}},"type":"if","locations":[{"start":{"line":301,"column":4},"end":{"line":303,"column":5}},{"start":{},"end":{}}],"line":301},"20":{"loc":{"start":{"line":317,"column":4},"end":{"line":319,"column":5}},"type":"if","locations":[{"start":{"line":317,"column":4},"end":{"line":319,"column":5}},{"start":{},"end":{}}],"line":317}},"s":{"0":0,"1":0,"2":0,"3":0,"4":0,"5":0,"6":0,"7":0,"8":0,"9":0,"10":0,"11":0,"12":0,"13":0,"14":0,"15":0,"16":0,"17":0,"18":0,"19":0,"20":0,"21":0,"22":0,"23":0,"24":0,"25":0,"26":0,"27":0,"28":0,"29":0,"30":0,"31":0,"32":0,"33":0,"34":0,"35":0,"36":0,"37":0,"38":0,"39":0,"40":0,"41":0,"42":0,"43":0,"44":0,"45":0,"46":0,"47":0,"48":0,"49":0,"50":0,"51":0,"52":0,"53":0,"54":0,"55":0,"56":0,"57":0,"58":0,"59":0,"60":0,"61":0,"62":0,"63":0,"64":0,"65":0,"66":0,"67":0,"68":0,"69":0,"70":0,"71":0,"72":0,"73":0,"74":0,"75":0,"76":0,"77":0,"78":0,"79":0,"80":0,"81":0,"82":0,"83":0,"84":0,"85":0,"86":0,"87":0,"88":0,"89":0,"90":0,"91":0,"92":0,"93":0,"94":0,"95":0,"96":0,"97":0,"98":0,"99":0,"100":0,"101":0},"f":{"0":0,"1":0,"2":0,"3":0,"4":0,"5":0,"6":0,"7":0,"8":0,"9":0,"10":0,"11":0,"12":0,"13":0,"14":0,"15":0,"16":0,"17":0,"18":0,"19":0,"20":0,"21":0,"22":0,"23":0,"24":0,"25":0,"26":0,"27":0},"b":{"0":[0,0],"1":[0,0],"2":[0,0],"3":[0,0],"4":[0,0],"5":[0,0],"6":[0,0],"7":[0,0],"8":[0,0],"9":[0,0,0],"10":[0,0],"11":[0,0],"12":[0,0],"13":[0,0],"14":[0,0],"15":[0,0],"16":[0,0],"17":[0,0],"18":[0,0],"19":[0,0],"20":[0,0]}}
,"/Users/junliu/code/wineapp-v3/frontend/src/api/services.ts": {"path":"/Users/junliu/code/wineapp-v3/frontend/src/api/services.ts","statementMap":{},"fnMap":{},"branchMap":{},"s":{},"f":{},"b":{}}
,"/Users/junliu/code/wineapp-v3/frontend/src/api/wineService.ts": {"path":"/Users/junliu/code/wineapp-v3/frontend/src/api/wineService.ts","statementMap":{"0":{"start":{"line":40,"column":27},"end":{"line":107,"column":1}},"1":{"start":{"line":43,"column":21},"end":{"line":43,"column":62}},"2":{"start":{"line":44,"column":4},"end":{"line":44,"column":25}},"3":{"start":{"line":49,"column":21},"end":{"line":49,"column":56}},"4":{"start":{"line":50,"column":4},"end":{"line":50,"column":30}},"5":{"start":{"line":55,"column":21},"end":{"line":57,"column":6}},"6":{"start":{"line":58,"column":4},"end":{"line":58,"column":25}},"7":{"start":{"line":63,"column":21},"end":{"line":65,"column":6}},"8":{"start":{"line":66,"column":4},"end":{"line":66,"column":31}},"9":{"start":{"line":71,"column":21},"end":{"line":73,"column":6}},"10":{"start":{"line":74,"column":4},"end":{"line":74,"column":31}},"11":{"start":{"line":80,"column":21},"end":{"line":80,"column":35}},"12":{"start":{"line":81,"column":4},"end":{"line":85,"column":14}},"13":{"start":{"line":87,"column":21},"end":{"line":91,"column":6}},"14":{"start":{"line":93,"column":4},"end":{"line":93,"column":25}},"15":{"start":{"line":98,"column":21},"end":{"line":98,"column":61}},"16":{"start":{"line":99,"column":4},"end":{"line":99,"column":30}},"17":{"start":{"line":104,"column":21},"end":{"line":104,"column":68}},"18":{"start":{"line":105,"column":4},"end":{"line":105,"column":30}}},"fnMap":{"0":{"name":"(anonymous_0)","decl":{"start":{"line":42,"column":12},"end":{"line":42,"column":13}},"loc":{"start":{"line":42,"column":73},"end":{"line":45,"column":3}},"line":42},"1":{"name":"(anonymous_1)","decl":{"start":{"line":48,"column":15},"end":{"line":48,"column":16}},"loc":{"start":{"line":48,"column":52},"end":{"line":51,"column":3}},"line":48},"2":{"name":"(anonymous_2)","decl":{"start":{"line":54,"column":15},"end":{"line":54,"column":16}},"loc":{"start":{"line":54,"column":106},"end":{"line":59,"column":3}},"line":54},"3":{"name":"(anonymous_3)","decl":{"start":{"line":62,"column":21},"end":{"line":62,"column":22}},"loc":{"start":{"line":62,"column":67},"end":{"line":67,"column":3}},"line":62},"4":{"name":"(anonymous_4)","decl":{"start":{"line":70,"column":18},"end":{"line":70,"column":19}},"loc":{"start":{"line":70,"column":64},"end":{"line":75,"column":3}},"line":70},"5":{"name":"(anonymous_5)","decl":{"start":{"line":78,"column":19},"end":{"line":78,"column":20}},"loc":{"start":{"line":78,"column":96},"end":{"line":94,"column":3}},"line":78},"6":{"name":"(anonymous_6)","decl":{"start":{"line":97,"column":14},"end":{"line":97,"column":15}},"loc":{"start":{"line":97,"column":64},"end":{"line":100,"column":3}},"line":97},"7":{"name":"(anonymous_7)","decl":{"start":{"line":103,"column":14},"end":{"line":103,"column":15}},"loc":{"start":{"line":103,"column":76},"end":{"line":106,"column":3}},"line":103}},"branchMap":{"0":{"loc":{"start":{"line":42,"column":19},"end":{"line":42,"column":44}},"type":"default-arg","locations":[{"start":{"line":42,"column":42},"end":{"line":42,"column":44}}],"line":42},"1":{"loc":{"start":{"line":54,"column":37},"end":{"line":54,"column":77}},"type":"default-arg","locations":[{"start":{"line":54,"column":75},"end":{"line":54,"column":77}}],"line":54},"2":{"loc":{"start":{"line":62,"column":28},"end":{"line":62,"column":45}},"type":"default-arg","locations":[{"start":{"line":62,"column":44},"end":{"line":62,"column":45}}],"line":62},"3":{"loc":{"start":{"line":70,"column":25},"end":{"line":70,"column":42}},"type":"default-arg","locations":[{"start":{"line":70,"column":41},"end":{"line":70,"column":42}}],"line":70}},"s":{"0":0,"1":0,"2":0,"3":0,"4":0,"5":0,"6":0,"7":0,"8":0,"9":0,"10":0,"11":0,"12":0,"13":0,"14":0,"15":0,"16":0,"17":0,"18":0},"f":{"0":0,"1":0,"2":0,"3":0,"4":0,"5":0,"6":0,"7":0},"b":{"0":[0],"1":[0],"2":[0],"3":[0]}}
,"/Users/junliu/code/wineapp-v3/frontend/src/auth/AuthContext.tsx": {"path":"/Users/junliu/code/wineapp-v3/frontend/src/auth/AuthContext.tsx","statementMap":{"0":{"start":{"line":22,"column":20},"end":{"line":29,"column":2}},"1":{"start":{"line":32,"column":22},"end":{"line":32,"column":60}},"2":{"start":{"line":35,"column":23},"end":{"line":38,"column":1}},"3":{"start":{"line":41,"column":18},"end":{"line":41,"column":812}},"4":{"start":{"line":44,"column":67},"end":{"line":133,"column":1}},"5":{"start":{"line":45,"column":26},"end":{"line":45,"column":53}},"6":{"start":{"line":46,"column":28},"end":{"line":46,"column":57}},"7":{"start":{"line":47,"column":32},"end":{"line":47,"column":46}},"8":{"start":{"line":50,"column":2},"end":{"line":78,"column":9}},"9":{"start":{"line":51,"column":21},"end":{"line":75,"column":5}},"10":{"start":{"line":52,"column":6},"end":{"line":74,"column":7}},"11":{"start":{"line":53,"column":8},"end":{"line":69,"column":9}},"12":{"start":{"line":55,"column":10},"end":{"line":55,"column":28}},"13":{"start":{"line":56,"column":10},"end":{"line":56,"column":30}},"14":{"start":{"line":58,"column":10},"end":{"line":58,"column":71}},"15":{"start":{"line":59,"column":10},"end":{"line":59,"column":57}},"16":{"start":{"line":62,"column":29},"end":{"line":62,"column":63}},"17":{"start":{"line":63,"column":30},"end":{"line":63,"column":65}},"18":{"start":{"line":65,"column":10},"end":{"line":68,"column":11}},"19":{"start":{"line":66,"column":12},"end":{"line":66,"column":44}},"20":{"start":{"line":67,"column":12},"end":{"line":67,"column":34}},"21":{"start":{"line":71,"column":8},"end":{"line":71,"column":52}},"22":{"start":{"line":73,"column":8},"end":{"line":73,"column":26}},"23":{"start":{"line":77,"column":4},"end":{"line":77,"column":15}},"24":{"start":{"line":81,"column":16},"end":{"line":100,"column":3}},"25":{"start":{"line":82,"column":4},"end":{"line":99,"column":5}},"26":{"start":{"line":84,"column":6},"end":{"line":90,"column":7}},"27":{"start":{"line":85,"column":8},"end":{"line":85,"column":26}},"28":{"start":{"line":86,"column":8},"end":{"line":86,"column":28}},"29":{"start":{"line":87,"column":8},"end":{"line":87,"column":69}},"30":{"start":{"line":88,"column":8},"end":{"line":88,"column":55}},"31":{"start":{"line":89,"column":8},"end":{"line":89,"column":15}},"32":{"start":{"line":97,"column":6},"end":{"line":97,"column":43}},"33":{"start":{"line":98,"column":6},"end":{"line":98,"column":18}},"34":{"start":{"line":103,"column":17},"end":{"line":116,"column":3}},"35":{"start":{"line":104,"column":4},"end":{"line":115,"column":5}},"36":{"start":{"line":106,"column":6},"end":{"line":106,"column":20}},"37":{"start":{"line":107,"column":6},"end":{"line":107,"column":21}},"38":{"start":{"line":110,"column":6},"end":{"line":110,"column":44}},"39":{"start":{"line":111,"column":6},"end":{"line":111,"column":45}},"40":{"start":{"line":113,"column":6},"end":{"line":113,"column":44}},"41":{"start":{"line":114,"column":6},"end":{"line":114,"column":18}},"42":{"start":{"line":119,"column":40},"end":{"line":126,"column":3}},"43":{"start":{"line":128,"column":2},"end":{"line":132,"column":4}},"44":{"start":{"line":136,"column":23},"end":{"line":136,"column":52}},"45":{"start":{"line":136,"column":29},"end":{"line":136,"column":52}}},"fnMap":{"0":{"name":"(anonymous_0)","decl":{"start":{"line":26,"column":9},"end":{"line":26,"column":10}},"loc":{"start":{"line":26,"column":21},"end":{"line":26,"column":23}},"line":26},"1":{"name":"(anonymous_1)","decl":{"start":{"line":27,"column":10},"end":{"line":27,"column":11}},"loc":{"start":{"line":27,"column":22},"end":{"line":27,"column":24}},"line":27},"2":{"name":"(anonymous_2)","decl":{"start":{"line":44,"column":67},"end":{"line":44,"column":68}},"loc":{"start":{"line":44,"column":85},"end":{"line":133,"column":1}},"line":44},"3":{"name":"(anonymous_3)","decl":{"start":{"line":50,"column":12},"end":{"line":50,"column":13}},"loc":{"start":{"line":50,"column":18},"end":{"line":78,"column":3}},"line":50},"4":{"name":"(anonymous_4)","decl":{"start":{"line":51,"column":21},"end":{"line":51,"column":22}},"loc":{"start":{"line":51,"column":33},"end":{"line":75,"column":5}},"line":51},"5":{"name":"(anonymous_5)","decl":{"start":{"line":81,"column":16},"end":{"line":81,"column":17}},"loc":{"start":{"line":81,"column":59},"end":{"line":100,"column":3}},"line":81},"6":{"name":"(anonymous_6)","decl":{"start":{"line":103,"column":17},"end":{"line":103,"column":18}},"loc":{"start":{"line":103,"column":29},"end":{"line":116,"column":3}},"line":103},"7":{"name":"(anonymous_7)","decl":{"start":{"line":136,"column":23},"end":{"line":136,"column":24}},"loc":{"start":{"line":136,"column":29},"end":{"line":136,"column":52}},"line":136}},"branchMap":{"0":{"loc":{"start":{"line":53,"column":8},"end":{"line":69,"column":9}},"type":"if","locations":[{"start":{"line":53,"column":8},"end":{"line":69,"column":9}},{"start":{"line":60,"column":15},"end":{"line":69,"column":9}}],"line":53},"1":{"loc":{"start":{"line":65,"column":10},"end":{"line":68,"column":11}},"type":"if","locations":[{"start":{"line":65,"column":10},"end":{"line":68,"column":11}},{"start":{},"end":{}}],"line":65},"2":{"loc":{"start":{"line":65,"column":14},"end":{"line":65,"column":39}},"type":"binary-expr","locations":[{"start":{"line":65,"column":14},"end":{"line":65,"column":24}},{"start":{"line":65,"column":28},"end":{"line":65,"column":39}}],"line":65},"3":{"loc":{"start":{"line":84,"column":6},"end":{"line":90,"column":7}},"type":"if","locations":[{"start":{"line":84,"column":6},"end":{"line":90,"column":7}},{"start":{},"end":{}}],"line":84},"4":{"loc":{"start":{"line":122,"column":21},"end":{"line":122,"column":38}},"type":"binary-expr","locations":[{"start":{"line":122,"column":21},"end":{"line":122,"column":27}},{"start":{"line":122,"column":31},"end":{"line":122,"column":38}}],"line":122}},"s":{"0":0,"1":0,"2":0,"3":0,"4":0,"5":0,"6":0,"7":0,"8":0,"9":0,"10":0,"11":0,"12":0,"13":0,"14":0,"15":0,"16":0,"17":0,"18":0,"19":0,"20":0,"21":0,"22":0,"23":0,"24":0,"25":0,"26":0,"27":0,"28":0,"29":0,"30":0,"31":0,"32":0,"33":0,"34":0,"35":0,"36":0,"37":0,"38":0,"39":0,"40":0,"41":0,"42":0,"43":0,"44":0,"45":0},"f":{"0":0,"1":0,"2":0,"3":0,"4":0,"5":0,"6":0,"7":0},"b":{"0":[0,0],"1":[0,0],"2":[0,0],"3":[0,0],"4":[0,0]}}
,"/Users/junliu/code/wineapp-v3/frontend/src/components/cellar/CellarCard.tsx": {"path":"/Users/junliu/code/wineapp-v3/frontend/src/components/cellar/CellarCard.tsx","statementMap":{"0":{"start":{"line":14,"column":46},"end":{"line":65,"column":1}},"1":{"start":{"line":21,"column":2},"end":{"line":64,"column":4}},"2":{"start":{"line":22,"column":37},"end":{"line":22,"column":52}},"3":{"start":{"line":35,"column":33},"end":{"line":35,"column":47}},"4":{"start":{"line":43,"column":33},"end":{"line":43,"column":49}},"5":{"start":{"line":67,"column":15},"end":{"line":91,"column":2}}},"fnMap":{"0":{"name":"(anonymous_0)","decl":{"start":{"line":14,"column":46},"end":{"line":14,"column":47}},"loc":{"start":{"line":20,"column":6},"end":{"line":65,"column":1}},"line":20},"1":{"name":"(anonymous_1)","decl":{"start":{"line":22,"column":31},"end":{"line":22,"column":32}},"loc":{"start":{"line":22,"column":37},"end":{"line":22,"column":52}},"line":22},"2":{"name":"(anonymous_2)","decl":{"start":{"line":35,"column":27},"end":{"line":35,"column":28}},"loc":{"start":{"line":35,"column":33},"end":{"line":35,"column":47}},"line":35},"3":{"name":"(anonymous_3)","decl":{"start":{"line":43,"column":27},"end":{"line":43,"column":28}},"loc":{"start":{"line":43,"column":33},"end":{"line":43,"column":49}},"line":43}},"branchMap":{"0":{"loc":{"start":{"line":16,"column":2},"end":{"line":16,"column":17}},"type":"default-arg","locations":[{"start":{"line":16,"column":16},"end":{"line":16,"column":17}}],"line":16},"1":{"loc":{"start":{"line":24,"column":9},"end":{"line":26,"column":9}},"type":"binary-expr","locations":[{"start":{"line":24,"column":9},"end":{"line":24,"column":25}},{"start":{"line":25,"column":10},"end":{"line":25,"column":80}}],"line":24},"2":{"loc":{"start":{"line":31,"column":15},"end":{"line":38,"column":15}},"type":"binary-expr","locations":[{"start":{"line":31,"column":15},"end":{"line":31,"column":21}},{"start":{"line":32,"column":16},"end":{"line":37,"column":18}}],"line":31},"3":{"loc":{"start":{"line":39,"column":15},"end":{"line":46,"column":15}},"type":"binary-expr","locations":[{"start":{"line":39,"column":15},"end":{"line":39,"column":23}},{"start":{"line":40,"column":16},"end":{"line":45,"column":18}}],"line":39},"4":{"loc":{"start":{"line":52,"column":29},"end":{"line":52,"column":69}},"type":"cond-expr","locations":[{"start":{"line":52,"column":49},"end":{"line":52,"column":57}},{"start":{"line":52,"column":60},"end":{"line":52,"column":69}}],"line":52},"5":{"loc":{"start":{"line":55,"column":13},"end":{"line":59,"column":13}},"type":"binary-expr","locations":[{"start":{"line":55,"column":13},"end":{"line":55,"column":28}},{"start":{"line":55,"column":32},"end":{"line":55,"column":58}},{"start":{"line":56,"column":14},"end":{"line":58,"column":21}}],"line":55},"6":{"loc":{"start":{"line":57,"column":42},"end":{"line":57,"column":95}},"type":"cond-expr","locations":[{"start":{"line":57,"column":73},"end":{"line":57,"column":82}},{"start":{"line":57,"column":85},"end":{"line":57,"column":95}}],"line":57}},"s":{"0":2,"1":16,"2":2,"3":2,"4":2,"5":2},"f":{"0":16,"1":2,"2":2,"3":2},"b":{"0":[3],"1":[16,6],"2":[16,3],"3":[16,3],"4":[1,15],"5":[16,15,15],"6":[6,9]},"_coverageSchema":"1a1c01bbd47fc00a2c39e90264f33305004495a9","hash":"b7bb9e381010c05c621ae5fec8609199725997a7"}
,"/Users/junliu/code/wineapp-v3/frontend/src/components/cellar/CellarForm.tsx": {"path":"/Users/junliu/code/wineapp-v3/frontend/src/components/cellar/CellarForm.tsx","statementMap":{"0":{"start":{"line":14,"column":46},"end":{"line":132,"column":1}},"1":{"start":{"line":21,"column":26},"end":{"line":21,"column":61}},"2":{"start":{"line":22,"column":36},"end":{"line":22,"column":48}},"3":{"start":{"line":23,"column":34},"end":{"line":23,"column":83}},"4":{"start":{"line":24,"column":38},"end":{"line":24,"column":50}},"5":{"start":{"line":26,"column":2},"end":{"line":32,"column":22}},"6":{"start":{"line":28,"column":4},"end":{"line":31,"column":5}},"7":{"start":{"line":29,"column":6},"end":{"line":29,"column":40}},"8":{"start":{"line":30,"column":6},"end":{"line":30,"column":48}},"9":{"start":{"line":34,"column":19},"end":{"line":45,"column":3}},"10":{"start":{"line":35,"column":18},"end":{"line":35,"column":22}},"11":{"start":{"line":37,"column":4},"end":{"line":42,"column":5}},"12":{"start":{"line":38,"column":6},"end":{"line":38,"column":46}},"13":{"start":{"line":39,"column":6},"end":{"line":39,"column":22}},"14":{"start":{"line":41,"column":6},"end":{"line":41,"column":23}},"15":{"start":{"line":44,"column":4},"end":{"line":44,"column":19}},"16":{"start":{"line":47,"column":23},"end":{"line":51,"column":3}},"17":{"start":{"line":48,"column":4},"end":{"line":50,"column":5}},"18":{"start":{"line":49,"column":6},"end":{"line":49,"column":48}},"19":{"start":{"line":53,"column":21},"end":{"line":58,"column":3}},"20":{"start":{"line":54,"column":4},"end":{"line":57,"column":5}},"21":{"start":{"line":55,"column":6},"end":{"line":55,"column":52}},"22":{"start":{"line":56,"column":6},"end":{"line":56,"column":24}},"23":{"start":{"line":60,"column":24},"end":{"line":64,"column":3}},"24":{"start":{"line":61,"column":28},"end":{"line":61,"column":41}},"25":{"start":{"line":62,"column":4},"end":{"line":62,"column":37}},"26":{"start":{"line":63,"column":4},"end":{"line":63,"column":33}},"27":{"start":{"line":66,"column":2},"end":{"line":131,"column":4}},"28":{"start":{"line":86,"column":10},"end":{"line":92,"column":17}},"29":{"start":{"line":89,"column":27},"end":{"line":89,"column":47}},"30":{"start":{"line":134,"column":15},"end":{"line":180,"column":2}}},"fnMap":{"0":{"name":"(anonymous_0)","decl":{"start":{"line":14,"column":46},"end":{"line":14,"column":47}},"loc":{"start":{"line":20,"column":6},"end":{"line":132,"column":1}},"line":20},"1":{"name":"(anonymous_1)","decl":{"start":{"line":26,"column":12},"end":{"line":26,"column":13}},"loc":{"start":{"line":26,"column":18},"end":{"line":32,"column":3}},"line":26},"2":{"name":"(anonymous_2)","decl":{"start":{"line":34,"column":19},"end":{"line":34,"column":20}},"loc":{"start":{"line":34,"column":34},"end":{"line":45,"column":3}},"line":34},"3":{"name":"(anonymous_3)","decl":{"start":{"line":47,"column":23},"end":{"line":47,"column":24}},"loc":{"start":{"line":47,"column":29},"end":{"line":51,"column":3}},"line":47},"4":{"name":"(anonymous_4)","decl":{"start":{"line":53,"column":21},"end":{"line":53,"column":22}},"loc":{"start":{"line":53,"column":27},"end":{"line":58,"column":3}},"line":53},"5":{"name":"(anonymous_5)","decl":{"start":{"line":60,"column":24},"end":{"line":60,"column":25}},"loc":{"start":{"line":60,"column":43},"end":{"line":64,"column":3}},"line":60},"6":{"name":"(anonymous_6)","decl":{"start":{"line":85,"column":22},"end":{"line":85,"column":23}},"loc":{"start":{"line":86,"column":10},"end":{"line":92,"column":17}},"line":86},"7":{"name":"(anonymous_7)","decl":{"start":{"line":89,"column":21},"end":{"line":89,"column":22}},"loc":{"start":{"line":89,"column":27},"end":{"line":89,"column":47}},"line":89}},"branchMap":{"0":{"loc":{"start":{"line":18,"column":2},"end":{"line":18,"column":17}},"type":"default-arg","locations":[{"start":{"line":18,"column":12},"end":{"line":18,"column":17}}],"line":18},"1":{"loc":{"start":{"line":19,"column":2},"end":{"line":19,"column":22}},"type":"default-arg","locations":[{"start":{"line":19,"column":10},"end":{"line":19,"column":22}}],"line":19},"2":{"loc":{"start":{"line":21,"column":35},"end":{"line":21,"column":60}},"type":"binary-expr","locations":[{"start":{"line":21,"column":35},"end":{"line":21,"column":54}},{"start":{"line":21,"column":58},"end":{"line":21,"column":60}}],"line":21},"3":{"loc":{"start":{"line":23,"column":53},"end":{"line":23,"column":82}},"type":"binary-expr","locations":[{"start":{"line":23,"column":53},"end":{"line":23,"column":76}},{"start":{"line":23,"column":80},"end":{"line":23,"column":82}}],"line":23},"4":{"loc":{"start":{"line":28,"column":4},"end":{"line":31,"column":5}},"type":"if","locations":[{"start":{"line":28,"column":4},"end":{"line":31,"column":5}},{"start":{},"end":{}}],"line":28},"5":{"loc":{"start":{"line":29,"column":14},"end":{"line":29,"column":38}},"type":"binary-expr","locations":[{"start":{"line":29,"column":14},"end":{"line":29,"column":32}},{"start":{"line":29,"column":36},"end":{"line":29,"column":38}}],"line":29},"6":{"loc":{"start":{"line":30,"column":18},"end":{"line":30,"column":46}},"type":"binary-expr","locations":[{"start":{"line":30,"column":18},"end":{"line":30,"column":40}},{"start":{"line":30,"column":44},"end":{"line":30,"column":46}}],"line":30},"7":{"loc":{"start":{"line":37,"column":4},"end":{"line":42,"column":5}},"type":"if","locations":[{"start":{"line":37,"column":4},"end":{"line":42,"column":5}},{"start":{"line":40,"column":11},"end":{"line":42,"column":5}}],"line":37},"8":{"loc":{"start":{"line":48,"column":4},"end":{"line":50,"column":5}},"type":"if","locations":[{"start":{"line":48,"column":4},"end":{"line":50,"column":5}},{"start":{},"end":{}}],"line":48},"9":{"loc":{"start":{"line":54,"column":4},"end":{"line":57,"column":5}},"type":"if","locations":[{"start":{"line":54,"column":4},"end":{"line":57,"column":5}},{"start":{},"end":{}}],"line":54},"10":{"loc":{"start":{"line":77,"column":7},"end":{"line":77,"column":75}},"type":"cond-expr","locations":[{"start":{"line":77,"column":19},"end":{"line":77,"column":68}},{"start":{"line":77,"column":71},"end":{"line":77,"column":75}}],"line":77},"11":{"loc":{"start":{"line":111,"column":9},"end":{"line":119,"column":9}},"type":"binary-expr","locations":[{"start":{"line":111,"column":9},"end":{"line":111,"column":17}},{"start":{"line":112,"column":10},"end":{"line":118,"column":19}}],"line":111},"12":{"loc":{"start":{"line":127,"column":11},"end":{"line":127,"column":50}},"type":"cond-expr","locations":[{"start":{"line":127,"column":31},"end":{"line":127,"column":39}},{"start":{"line":127,"column":42},"end":{"line":127,"column":50}}],"line":127}},"s":{"0":0,"1":0,"2":0,"3":0,"4":0,"5":0,"6":0,"7":0,"8":0,"9":0,"10":0,"11":0,"12":0,"13":0,"14":0,"15":0,"16":0,"17":0,"18":0,"19":0,"20":0,"21":0,"22":0,"23":0,"24":0,"25":0,"26":0,"27":0,"28":0,"29":0,"30":0},"f":{"0":0,"1":0,"2":0,"3":0,"4":0,"5":0,"6":0,"7":0},"b":{"0":[0],"1":[0],"2":[0,0],"3":[0,0],"4":[0,0],"5":[0,0],"6":[0,0],"7":[0,0],"8":[0,0],"9":[0,0],"10":[0,0],"11":[0,0],"12":[0,0]}}
,"/Users/junliu/code/wineapp-v3/frontend/src/components/cellar/CellarList.tsx": {"path":"/Users/junliu/code/wineapp-v3/frontend/src/components/cellar/CellarList.tsx","statementMap":{"0":{"start":{"line":18,"column":46},"end":{"line":78,"column":1}},"1":{"start":{"line":28,"column":2},"end":{"line":34,"column":3}},"2":{"start":{"line":29,"column":4},"end":{"line":33,"column":6}},"3":{"start":{"line":36,"column":2},"end":{"line":42,"column":3}},"4":{"start":{"line":37,"column":4},"end":{"line":41,"column":6}},"5":{"start":{"line":44,"column":2},"end":{"line":77,"column":4}},"6":{"start":{"line":48,"column":32},"end":{"line":48,"column":39}},"7":{"start":{"line":51,"column":10},"end":{"line":57,"column":12}},"8":{"start":{"line":80,"column":15},"end":{"line":100,"column":2}}},"fnMap":{"0":{"name":"(anonymous_0)","decl":{"start":{"line":18,"column":46},"end":{"line":18,"column":47}},"loc":{"start":{"line":27,"column":6},"end":{"line":78,"column":1}},"line":27},"1":{"name":"(anonymous_1)","decl":{"start":{"line":48,"column":22},"end":{"line":48,"column":23}},"loc":{"start":{"line":48,"column":32},"end":{"line":48,"column":39}},"line":48},"2":{"name":"(anonymous_2)","decl":{"start":{"line":50,"column":20},"end":{"line":50,"column":21}},"loc":{"start":{"line":51,"column":10},"end":{"line":57,"column":12}},"line":51}},"branchMap":{"0":{"loc":{"start":{"line":20,"column":2},"end":{"line":20,"column":25}},"type":"default-arg","locations":[{"start":{"line":20,"column":23},"end":{"line":20,"column":25}}],"line":20},"1":{"loc":{"start":{"line":21,"column":2},"end":{"line":21,"column":17}},"type":"default-arg","locations":[{"start":{"line":21,"column":12},"end":{"line":21,"column":17}}],"line":21},"2":{"loc":{"start":{"line":28,"column":2},"end":{"line":34,"column":3}},"type":"if","locations":[{"start":{"line":28,"column":2},"end":{"line":34,"column":3}},{"start":{},"end":{}}],"line":28},"3":{"loc":{"start":{"line":28,"column":6},"end":{"line":28,"column":37}},"type":"binary-expr","locations":[{"start":{"line":28,"column":6},"end":{"line":28,"column":13}},{"start":{"line":28,"column":17},"end":{"line":28,"column":37}}],"line":28},"4":{"loc":{"start":{"line":36,"column":2},"end":{"line":42,"column":3}},"type":"if","locations":[{"start":{"line":36,"column":2},"end":{"line":42,"column":3}},{"start":{},"end":{}}],"line":36},"5":{"loc":{"start":{"line":36,"column":6},"end":{"line":36,"column":35}},"type":"binary-expr","locations":[{"start":{"line":36,"column":6},"end":{"line":36,"column":11}},{"start":{"line":36,"column":15},"end":{"line":36,"column":35}}],"line":36},"6":{"loc":{"start":{"line":53,"column":25},"end":{"line":53,"column":57}},"type":"binary-expr","locations":[{"start":{"line":53,"column":25},"end":{"line":53,"column":52}},{"start":{"line":53,"column":56},"end":{"line":53,"column":57}}],"line":53},"7":{"loc":{"start":{"line":68,"column":7},"end":{"line":75,"column":7}},"type":"binary-expr","locations":[{"start":{"line":68,"column":7},"end":{"line":68,"column":18}},{"start":{"line":69,"column":8},"end":{"line":74,"column":10}}],"line":68}},"s":{"0":1,"1":8,"2":1,"3":7,"4":1,"5":6,"6":15,"7":10,"8":1},"f":{"0":8,"1":15,"2":10},"b":{"0":[7],"1":[7],"2":[1,7],"3":[8,1],"4":[1,6],"5":[7,1],"6":[10,8],"7":[6,1]},"_coverageSchema":"1a1c01bbd47fc00a2c39e90264f33305004495a9","hash":"8988bedd6717beed44eb90db2f78fe7e682e5b12"}
,"/Users/junliu/code/wineapp-v3/frontend/src/components/cellar/CellarWineList.tsx": {"path":"/Users/junliu/code/wineapp-v3/frontend/src/components/cellar/CellarWineList.tsx","statementMap":{"0":{"start":{"line":25,"column":34},"end":{"line":32,"column":1}},"1":{"start":{"line":39,"column":5},"end":{"line":154,"column":1}},"2":{"start":{"line":40,"column":40},"end":{"line":40,"column":55}},"3":{"start":{"line":41,"column":19},"end":{"line":41,"column":45}},"4":{"start":{"line":41,"column":25},"end":{"line":41,"column":45}},"5":{"start":{"line":42,"column":20},"end":{"line":42,"column":47}},"6":{"start":{"line":42,"column":26},"end":{"line":42,"column":47}},"7":{"start":{"line":44,"column":2},"end":{"line":153,"column":4}},"8":{"start":{"line":72,"column":22},"end":{"line":72,"column":49}},"9":{"start":{"line":73,"column":22},"end":{"line":73,"column":34}},"10":{"start":{"line":79,"column":22},"end":{"line":79,"column":47}},"11":{"start":{"line":80,"column":22},"end":{"line":80,"column":34}},"12":{"start":{"line":86,"column":22},"end":{"line":86,"column":45}},"13":{"start":{"line":87,"column":22},"end":{"line":87,"column":34}},"14":{"start":{"line":96,"column":18},"end":{"line":96,"column":28}},"15":{"start":{"line":97,"column":18},"end":{"line":97,"column":30}},"16":{"start":{"line":133,"column":35},"end":{"line":133,"column":76}},"17":{"start":{"line":138,"column":35},"end":{"line":138,"column":76}},"18":{"start":{"line":156,"column":54},"end":{"line":305,"column":1}},"19":{"start":{"line":168,"column":40},"end":{"line":168,"column":52}},"20":{"start":{"line":169,"column":48},"end":{"line":169,"column":77}},"21":{"start":{"line":170,"column":48},"end":{"line":170,"column":63}},"22":{"start":{"line":171,"column":30},"end":{"line":171,"column":66}},"23":{"start":{"line":174,"column":24},"end":{"line":184,"column":4}},"24":{"start":{"line":175,"column":26},"end":{"line":177,"column":12}},"25":{"start":{"line":179,"column":27},"end":{"line":181,"column":12}},"26":{"start":{"line":183,"column":4},"end":{"line":183,"column":43}},"27":{"start":{"line":186,"column":2},"end":{"line":304,"column":4}},"28":{"start":{"line":199,"column":27},"end":{"line":199,"column":51}},"29":{"start":{"line":205,"column":12},"end":{"line":212,"column":19}},"30":{"start":{"line":208,"column":29},"end":{"line":208,"column":56}},"31":{"start":{"line":218,"column":27},"end":{"line":218,"column":52}},"32":{"start":{"line":221,"column":29},"end":{"line":221,"column":53}},"33":{"start":{"line":232,"column":12},"end":{"line":244,"column":14}},"34":{"start":{"line":236,"column":16},"end":{"line":236,"column":34}},"35":{"start":{"line":237,"column":16},"end":{"line":237,"column":42}},"36":{"start":{"line":260,"column":34},"end":{"line":260,"column":41}},"37":{"start":{"line":262,"column":12},"end":{"line":275,"column":14}},"38":{"start":{"line":264,"column":29},"end":{"line":264,"column":46}},"39":{"start":{"line":267,"column":34},"end":{"line":267,"column":66}},"40":{"start":{"line":272,"column":32},"end":{"line":272,"column":60}},"41":{"start":{"line":307,"column":15},"end":{"line":407,"column":2}}},"fnMap":{"0":{"name":"(anonymous_0)","decl":{"start":{"line":39,"column":5},"end":{"line":39,"column":6}},"loc":{"start":{"line":39,"column":68},"end":{"line":154,"column":1}},"line":39},"1":{"name":"(anonymous_1)","decl":{"start":{"line":41,"column":19},"end":{"line":41,"column":20}},"loc":{"start":{"line":41,"column":25},"end":{"line":41,"column":45}},"line":41},"2":{"name":"(anonymous_2)","decl":{"start":{"line":42,"column":20},"end":{"line":42,"column":21}},"loc":{"start":{"line":42,"column":26},"end":{"line":42,"column":47}},"line":42},"3":{"name":"(anonymous_3)","decl":{"start":{"line":71,"column":29},"end":{"line":71,"column":30}},"loc":{"start":{"line":71,"column":35},"end":{"line":74,"column":21}},"line":71},"4":{"name":"(anonymous_4)","decl":{"start":{"line":78,"column":29},"end":{"line":78,"column":30}},"loc":{"start":{"line":78,"column":35},"end":{"line":81,"column":21}},"line":78},"5":{"name":"(anonymous_5)","decl":{"start":{"line":85,"column":29},"end":{"line":85,"column":30}},"loc":{"start":{"line":85,"column":35},"end":{"line":88,"column":21}},"line":85},"6":{"name":"(anonymous_6)","decl":{"start":{"line":95,"column":25},"end":{"line":95,"column":26}},"loc":{"start":{"line":95,"column":31},"end":{"line":98,"column":17}},"line":95},"7":{"name":"(anonymous_7)","decl":{"start":{"line":133,"column":29},"end":{"line":133,"column":30}},"loc":{"start":{"line":133,"column":35},"end":{"line":133,"column":76}},"line":133},"8":{"name":"(anonymous_8)","decl":{"start":{"line":138,"column":29},"end":{"line":138,"column":30}},"loc":{"start":{"line":138,"column":35},"end":{"line":138,"column":76}},"line":138},"9":{"name":"(anonymous_9)","decl":{"start":{"line":156,"column":54},"end":{"line":156,"column":55}},"loc":{"start":{"line":167,"column":6},"end":{"line":305,"column":1}},"line":167},"10":{"name":"(anonymous_10)","decl":{"start":{"line":174,"column":37},"end":{"line":174,"column":38}},"loc":{"start":{"line":174,"column":53},"end":{"line":184,"column":3}},"line":174},"11":{"name":"(anonymous_11)","decl":{"start":{"line":199,"column":21},"end":{"line":199,"column":22}},"loc":{"start":{"line":199,"column":27},"end":{"line":199,"column":51}},"line":199},"12":{"name":"(anonymous_12)","decl":{"start":{"line":204,"column":30},"end":{"line":204,"column":31}},"loc":{"start":{"line":205,"column":12},"end":{"line":212,"column":19}},"line":205},"13":{"name":"(anonymous_13)","decl":{"start":{"line":208,"column":23},"end":{"line":208,"column":24}},"loc":{"start":{"line":208,"column":29},"end":{"line":208,"column":56}},"line":208},"14":{"name":"(anonymous_14)","decl":{"start":{"line":218,"column":21},"end":{"line":218,"column":22}},"loc":{"start":{"line":218,"column":27},"end":{"line":218,"column":52}},"line":218},"15":{"name":"(anonymous_15)","decl":{"start":{"line":221,"column":23},"end":{"line":221,"column":24}},"loc":{"start":{"line":221,"column":29},"end":{"line":221,"column":53}},"line":221},"16":{"name":"(anonymous_16)","decl":{"start":{"line":231,"column":27},"end":{"line":231,"column":28}},"loc":{"start":{"line":232,"column":12},"end":{"line":244,"column":14}},"line":232},"17":{"name":"(anonymous_17)","decl":{"start":{"line":235,"column":23},"end":{"line":235,"column":24}},"loc":{"start":{"line":235,"column":29},"end":{"line":238,"column":15}},"line":235},"18":{"name":"(anonymous_18)","decl":{"start":{"line":260,"column":24},"end":{"line":260,"column":25}},"loc":{"start":{"line":260,"column":34},"end":{"line":260,"column":41}},"line":260},"19":{"name":"(anonymous_19)","decl":{"start":{"line":261,"column":22},"end":{"line":261,"column":23}},"loc":{"start":{"line":262,"column":12},"end":{"line":275,"column":14}},"line":262},"20":{"name":"(anonymous_20)","decl":{"start":{"line":264,"column":23},"end":{"line":264,"column":24}},"loc":{"start":{"line":264,"column":29},"end":{"line":264,"column":46}},"line":264},"21":{"name":"(anonymous_21)","decl":{"start":{"line":267,"column":20},"end":{"line":267,"column":21}},"loc":{"start":{"line":267,"column":34},"end":{"line":267,"column":66}},"line":267},"22":{"name":"(anonymous_22)","decl":{"start":{"line":272,"column":20},"end":{"line":272,"column":21}},"loc":{"start":{"line":272,"column":32},"end":{"line":272,"column":60}},"line":272}},"branchMap":{"0":{"loc":{"start":{"line":53,"column":15},"end":{"line":57,"column":15}},"type":"binary-expr","locations":[{"start":{"line":53,"column":15},"end":{"line":53,"column":39}},{"start":{"line":54,"column":16},"end":{"line":56,"column":23}}],"line":53},"1":{"loc":{"start":{"line":67,"column":15},"end":{"line":92,"column":15}},"type":"binary-expr","locations":[{"start":{"line":67,"column":15},"end":{"line":67,"column":29}},{"start":{"line":68,"column":16},"end":{"line":91,"column":19}}],"line":67},"2":{"loc":{"start":{"line":105,"column":15},"end":{"line":109,"column":15}},"type":"binary-expr","locations":[{"start":{"line":105,"column":15},"end":{"line":105,"column":33}},{"start":{"line":106,"column":16},"end":{"line":108,"column":23}}],"line":105},"3":{"loc":{"start":{"line":110,"column":15},"end":{"line":114,"column":15}},"type":"binary-expr","locations":[{"start":{"line":110,"column":15},"end":{"line":110,"column":40}},{"start":{"line":111,"column":16},"end":{"line":113,"column":23}}],"line":110},"4":{"loc":{"start":{"line":115,"column":15},"end":{"line":119,"column":15}},"type":"binary-expr","locations":[{"start":{"line":115,"column":15},"end":{"line":115,"column":47}},{"start":{"line":116,"column":16},"end":{"line":118,"column":23}}],"line":115},"5":{"loc":{"start":{"line":124,"column":41},"end":{"line":124,"column":70}},"type":"binary-expr","locations":[{"start":{"line":124,"column":41},"end":{"line":124,"column":56}},{"start":{"line":124,"column":60},"end":{"line":124,"column":70}}],"line":124},"6":{"loc":{"start":{"line":127,"column":15},"end":{"line":141,"column":15}},"type":"binary-expr","locations":[{"start":{"line":127,"column":15},"end":{"line":127,"column":31}},{"start":{"line":127,"column":35},"end":{"line":127,"column":67}},{"start":{"line":128,"column":16},"end":{"line":140,"column":23}}],"line":127},"7":{"loc":{"start":{"line":144,"column":13},"end":{"line":148,"column":13}},"type":"binary-expr","locations":[{"start":{"line":144,"column":13},"end":{"line":144,"column":38}},{"start":{"line":145,"column":14},"end":{"line":147,"column":21}}],"line":144},"8":{"loc":{"start":{"line":158,"column":2},"end":{"line":158,"column":17}},"type":"default-arg","locations":[{"start":{"line":158,"column":12},"end":{"line":158,"column":17}}],"line":158},"9":{"loc":{"start":{"line":164,"column":2},"end":{"line":164,"column":17}},"type":"default-arg","locations":[{"start":{"line":164,"column":12},"end":{"line":164,"column":17}}],"line":164},"10":{"loc":{"start":{"line":165,"column":2},"end":{"line":165,"column":21}},"type":"default-arg","locations":[{"start":{"line":165,"column":19},"end":{"line":165,"column":21}}],"line":165},"11":{"loc":{"start":{"line":175,"column":26},"end":{"line":177,"column":12}},"type":"cond-expr","locations":[{"start":{"line":176,"column":8},"end":{"line":176,"column":150}},{"start":{"line":177,"column":8},"end":{"line":177,"column":12}}],"line":175},"12":{"loc":{"start":{"line":176,"column":35},"end":{"line":176,"column":65}},"type":"binary-expr","locations":[{"start":{"line":176,"column":35},"end":{"line":176,"column":59}},{"start":{"line":176,"column":63},"end":{"line":176,"column":65}}],"line":176},"13":{"loc":{"start":{"line":176,"column":69},"end":{"line":176,"column":98}},"type":"binary-expr","locations":[{"start":{"line":176,"column":69},"end":{"line":176,"column":92}},{"start":{"line":176,"column":96},"end":{"line":176,"column":98}}],"line":176},"14":{"loc":{"start":{"line":179,"column":27},"end":{"line":181,"column":12}},"type":"cond-expr","locations":[{"start":{"line":180,"column":8},"end":{"line":180,"column":46}},{"start":{"line":181,"column":8},"end":{"line":181,"column":12}}],"line":179},"15":{"loc":{"start":{"line":183,"column":11},"end":{"line":183,"column":42}},"type":"binary-expr","locations":[{"start":{"line":183,"column":11},"end":{"line":183,"column":24}},{"start":{"line":183,"column":28},"end":{"line":183,"column":42}}],"line":183},"16":{"loc":{"start":{"line":240,"column":16},"end":{"line":242,"column":29}},"type":"cond-expr","locations":[{"start":{"line":241,"column":20},"end":{"line":241,"column":45}},{"start":{"line":242,"column":20},"end":{"line":242,"column":29}}],"line":240},"17":{"loc":{"start":{"line":240,"column":16},"end":{"line":240,"column":76}},"type":"binary-expr","locations":[{"start":{"line":240,"column":16},"end":{"line":240,"column":45}},{"start":{"line":240,"column":49},"end":{"line":240,"column":76}}],"line":240},"18":{"loc":{"start":{"line":249,"column":7},"end":{"line":294,"column":7}},"type":"cond-expr","locations":[{"start":{"line":250,"column":8},"end":{"line":252,"column":15}},{"start":{"line":253,"column":10},"end":{"line":294,"column":7}}],"line":249},"19":{"loc":{"start":{"line":249,"column":7},"end":{"line":249,"column":36}},"type":"binary-expr","locations":[{"start":{"line":249,"column":7},"end":{"line":249,"column":14}},{"start":{"line":249,"column":18},"end":{"line":249,"column":36}}],"line":249},"20":{"loc":{"start":{"line":253,"column":10},"end":{"line":294,"column":7}},"type":"cond-expr","locations":[{"start":{"line":254,"column":8},"end":{"line":256,"column":15}},{"start":{"line":258,"column":8},"end":{"line":293,"column":10}}],"line":253},"21":{"loc":{"start":{"line":253,"column":10},"end":{"line":253,"column":37}},"type":"binary-expr","locations":[{"start":{"line":253,"column":10},"end":{"line":253,"column":15}},{"start":{"line":253,"column":19},"end":{"line":253,"column":37}}],"line":253},"22":{"loc":{"start":{"line":266,"column":16},"end":{"line":268,"column":29}},"type":"cond-expr","locations":[{"start":{"line":267,"column":20},"end":{"line":267,"column":66}},{"start":{"line":268,"column":20},"end":{"line":268,"column":29}}],"line":266},"23":{"loc":{"start":{"line":271,"column":16},"end":{"line":273,"column":29}},"type":"cond-expr","locations":[{"start":{"line":272,"column":20},"end":{"line":272,"column":60}},{"start":{"line":273,"column":20},"end":{"line":273,"column":29}}],"line":271},"24":{"loc":{"start":{"line":281,"column":12},"end":{"line":281,"column":88}},"type":"cond-expr","locations":[{"start":{"line":281,"column":33},"end":{"line":281,"column":81}},{"start":{"line":281,"column":84},"end":{"line":281,"column":88}}],"line":281},"25":{"loc":{"start":{"line":281,"column":12},"end":{"line":281,"column":30}},"type":"binary-expr","locations":[{"start":{"line":281,"column":12},"end":{"line":281,"column":19}},{"start":{"line":281,"column":23},"end":{"line":281,"column":30}}],"line":281},"26":{"loc":{"start":{"line":286,"column":15},"end":{"line":290,"column":15}},"type":"binary-expr","locations":[{"start":{"line":286,"column":15},"end":{"line":286,"column":24}},{"start":{"line":287,"column":16},"end":{"line":289,"column":25}}],"line":286},"27":{"loc":{"start":{"line":296,"column":7},"end":{"line":302,"column":7}},"type":"binary-expr","locations":[{"start":{"line":296,"column":7},"end":{"line":296,"column":16}},{"start":{"line":296,"column":20},"end":{"line":296,"column":44}},{"start":{"line":297,"column":8},"end":{"line":301,"column":10}}],"line":296}},"s":{"0":0,"1":0,"2":0,"3":0,"4":0,"5":0,"6":0,"7":0,"8":0,"9":0,"10":0,"11":0,"12":0,"13":0,"14":0,"15":0,"16":0,"17":0,"18":0,"19":0,"20":0,"21":0,"22":0,"23":0,"24":0,"25":0,"26":0,"27":0,"28":0,"29":0,"30":0,"31":0,"32":0,"33":0,"34":0,"35":0,"36":0,"37":0,"38":0,"39":0,"40":0,"41":0},"f":{"0":0,"1":0,"2":0,"3":0,"4":0,"5":0,"6":0,"7":0,"8":0,"9":0,"10":0,"11":0,"12":0,"13":0,"14":0,"15":0,"16":0,"17":0,"18":0,"19":0,"20":0,"21":0,"22":0},"b":{"0":[0,0],"1":[0,0],"2":[0,0],"3":[0,0],"4":[0,0],"5":[0,0],"6":[0,0,0],"7":[0,0],"8":[0],"9":[0],"10":[0],"11":[0,0],"12":[0,0],"13":[0,0],"14":[0,0],"15":[0,0],"16":[0,0],"17":[0,0],"18":[0,0],"19":[0,0],"20":[0,0],"21":[0,0],"22":[0,0],"23":[0,0],"24":[0,0],"25":[0,0],"26":[0,0],"27":[0,0,0]}}
,"/Users/junliu/code/wineapp-v3/frontend/src/components/cellar/index.ts": {"path":"/Users/junliu/code/wineapp-v3/frontend/src/components/cellar/index.ts","statementMap":{},"fnMap":{},"branchMap":{},"s":{},"f":{},"b":{}}
,"/Users/junliu/code/wineapp-v3/frontend/src/components/wine/WineCard.tsx": {"path":"/Users/junliu/code/wineapp-v3/frontend/src/components/wine/WineCard.tsx","statementMap":{"0":{"start":{"line":15,"column":42},"end":{"line":132,"column":1}},"1":{"start":{"line":23,"column":16},"end":{"line":23,"column":26}},"2":{"start":{"line":25,"column":2},"end":{"line":131,"column":4}},"3":{"start":{"line":134,"column":15},"end":{"line":216,"column":2}}},"fnMap":{"0":{"name":"(anonymous_0)","decl":{"start":{"line":15,"column":42},"end":{"line":15,"column":43}},"loc":{"start":{"line":22,"column":6},"end":{"line":132,"column":1}},"line":22}},"branchMap":{"0":{"loc":{"start":{"line":21,"column":2},"end":{"line":21,"column":22}},"type":"default-arg","locations":[{"start":{"line":21,"column":17},"end":{"line":21,"column":22}}],"line":21},"1":{"loc":{"start":{"line":38,"column":18},"end":{"line":38,"column":58}},"type":"cond-expr","locations":[{"start":{"line":38,"column":33},"end":{"line":38,"column":40}},{"start":{"line":38,"column":43},"end":{"line":38,"column":58}}],"line":38},"2":{"loc":{"start":{"line":39,"column":23},"end":{"line":39,"column":59}},"type":"cond-expr","locations":[{"start":{"line":39,"column":38},"end":{"line":39,"column":47}},{"start":{"line":39,"column":50},"end":{"line":39,"column":59}}],"line":39},"3":{"loc":{"start":{"line":47,"column":11},"end":{"line":51,"column":11}},"type":"binary-expr","locations":[{"start":{"line":47,"column":11},"end":{"line":47,"column":24}},{"start":{"line":48,"column":12},"end":{"line":50,"column":19}}],"line":47},"4":{"loc":{"start":{"line":54,"column":13},"end":{"line":62,"column":13}},"type":"binary-expr","locations":[{"start":{"line":54,"column":13},"end":{"line":54,"column":24}},{"start":{"line":55,"column":14},"end":{"line":61,"column":21}}],"line":54},"5":{"loc":{"start":{"line":63,"column":13},"end":{"line":71,"column":13}},"type":"binary-expr","locations":[{"start":{"line":63,"column":13},"end":{"line":63,"column":27}},{"start":{"line":64,"column":14},"end":{"line":70,"column":21}}],"line":63},"6":{"loc":{"start":{"line":74,"column":11},"end":{"line":79,"column":11}},"type":"binary-expr","locations":[{"start":{"line":74,"column":11},"end":{"line":74,"column":29}},{"start":{"line":75,"column":12},"end":{"line":78,"column":19}}],"line":74},"7":{"loc":{"start":{"line":81,"column":11},"end":{"line":86,"column":11}},"type":"binary-expr","locations":[{"start":{"line":81,"column":11},"end":{"line":81,"column":29}},{"start":{"line":82,"column":12},"end":{"line":85,"column":19}}],"line":81},"8":{"loc":{"start":{"line":88,"column":11},"end":{"line":92,"column":11}},"type":"binary-expr","locations":[{"start":{"line":88,"column":11},"end":{"line":88,"column":27}},{"start":{"line":89,"column":12},"end":{"line":91,"column":19}}],"line":88},"9":{"loc":{"start":{"line":96,"column":7},"end":{"line":102,"column":7}},"type":"binary-expr","locations":[{"start":{"line":96,"column":7},"end":{"line":96,"column":21}},{"start":{"line":97,"column":8},"end":{"line":101,"column":10}}],"line":96}},"s":{"0":1,"1":5,"2":5,"3":1},"f":{"0":5},"b":{"0":[3],"1":[1,4],"2":[1,4],"3":[5,4],"4":[5,4],"5":[5,4],"6":[5,4],"7":[5,4],"8":[5,4],"9":[5,4]},"_coverageSchema":"1a1c01bbd47fc00a2c39e90264f33305004495a9","hash":"222a490fe6a4f67c4be086ce3678b0bae298e005"}
,"/Users/junliu/code/wineapp-v3/frontend/src/components/wine/WineList.tsx": {"path":"/Users/junliu/code/wineapp-v3/frontend/src/components/wine/WineList.tsx","statementMap":{"0":{"start":{"line":15,"column":68},"end":{"line":69,"column":1}},"1":{"start":{"line":16,"column":16},"end":{"line":16,"column":26}},"2":{"start":{"line":18,"column":2},"end":{"line":68,"column":4}},"3":{"start":{"line":71,"column":42},"end":{"line":118,"column":1}},"4":{"start":{"line":79,"column":2},"end":{"line":85,"column":3}},"5":{"start":{"line":80,"column":4},"end":{"line":84,"column":6}},"6":{"start":{"line":87,"column":2},"end":{"line":93,"column":3}},"7":{"start":{"line":88,"column":4},"end":{"line":92,"column":6}},"8":{"start":{"line":95,"column":2},"end":{"line":117,"column":4}},"9":{"start":{"line":98,"column":30},"end":{"line":98,"column":37}},"10":{"start":{"line":100,"column":8},"end":{"line":100,"column":70}},"11":{"start":{"line":100,"column":49},"end":{"line":100,"column":66}},"12":{"start":{"line":120,"column":15},"end":{"line":188,"column":2}}},"fnMap":{"0":{"name":"(anonymous_0)","decl":{"start":{"line":15,"column":68},"end":{"line":15,"column":69}},"loc":{"start":{"line":15,"column":91},"end":{"line":69,"column":1}},"line":15},"1":{"name":"(anonymous_1)","decl":{"start":{"line":71,"column":42},"end":{"line":71,"column":43}},"loc":{"start":{"line":78,"column":6},"end":{"line":118,"column":1}},"line":78},"2":{"name":"(anonymous_2)","decl":{"start":{"line":98,"column":20},"end":{"line":98,"column":21}},"loc":{"start":{"line":98,"column":30},"end":{"line":98,"column":37}},"line":98},"3":{"name":"(anonymous_3)","decl":{"start":{"line":99,"column":18},"end":{"line":99,"column":19}},"loc":{"start":{"line":100,"column":8},"end":{"line":100,"column":70}},"line":100},"4":{"name":"(anonymous_4)","decl":{"start":{"line":100,"column":43},"end":{"line":100,"column":44}},"loc":{"start":{"line":100,"column":49},"end":{"line":100,"column":66}},"line":100}},"branchMap":{"0":{"loc":{"start":{"line":31,"column":11},"end":{"line":35,"column":11}},"type":"binary-expr","locations":[{"start":{"line":31,"column":11},"end":{"line":31,"column":24}},{"start":{"line":32,"column":12},"end":{"line":34,"column":19}}],"line":31},"1":{"loc":{"start":{"line":38,"column":13},"end":{"line":47,"column":13}},"type":"binary-expr","locations":[{"start":{"line":38,"column":13},"end":{"line":38,"column":24}},{"start":{"line":39,"column":14},"end":{"line":46,"column":21}}],"line":38},"2":{"loc":{"start":{"line":48,"column":13},"end":{"line":57,"column":13}},"type":"binary-expr","locations":[{"start":{"line":48,"column":13},"end":{"line":48,"column":27}},{"start":{"line":49,"column":14},"end":{"line":56,"column":21}}],"line":48},"3":{"loc":{"start":{"line":60,"column":11},"end":{"line":64,"column":11}},"type":"binary-expr","locations":[{"start":{"line":60,"column":11},"end":{"line":60,"column":29}},{"start":{"line":61,"column":12},"end":{"line":63,"column":19}}],"line":60},"4":{"loc":{"start":{"line":73,"column":2},"end":{"line":73,"column":17}},"type":"default-arg","locations":[{"start":{"line":73,"column":12},"end":{"line":73,"column":17}}],"line":73},"5":{"loc":{"start":{"line":77,"column":2},"end":{"line":77,"column":17}},"type":"default-arg","locations":[{"start":{"line":77,"column":12},"end":{"line":77,"column":17}}],"line":77},"6":{"loc":{"start":{"line":79,"column":2},"end":{"line":85,"column":3}},"type":"if","locations":[{"start":{"line":79,"column":2},"end":{"line":85,"column":3}},{"start":{},"end":{}}],"line":79},"7":{"loc":{"start":{"line":79,"column":6},"end":{"line":79,"column":35}},"type":"binary-expr","locations":[{"start":{"line":79,"column":6},"end":{"line":79,"column":13}},{"start":{"line":79,"column":17},"end":{"line":79,"column":35}}],"line":79},"8":{"loc":{"start":{"line":87,"column":2},"end":{"line":93,"column":3}},"type":"if","locations":[{"start":{"line":87,"column":2},"end":{"line":93,"column":3}},{"start":{},"end":{}}],"line":87},"9":{"loc":{"start":{"line":87,"column":6},"end":{"line":87,"column":33}},"type":"binary-expr","locations":[{"start":{"line":87,"column":6},"end":{"line":87,"column":11}},{"start":{"line":87,"column":15},"end":{"line":87,"column":33}}],"line":87},"10":{"loc":{"start":{"line":107,"column":8},"end":{"line":109,"column":16}},"type":"cond-expr","locations":[{"start":{"line":108,"column":10},"end":{"line":108,"column":106}},{"start":{"line":109,"column":12},"end":{"line":109,"column":16}}],"line":107},"11":{"loc":{"start":{"line":107,"column":8},"end":{"line":107,"column":26}},"type":"binary-expr","locations":[{"start":{"line":107,"column":8},"end":{"line":107,"column":15}},{"start":{"line":107,"column":19},"end":{"line":107,"column":26}}],"line":107}},"s":{"0":1,"1":12,"2":12,"3":1,"4":7,"5":1,"6":6,"7":1,"8":5,"9":16,"10":12,"11":1,"12":1},"f":{"0":12,"1":7,"2":16,"3":12,"4":1},"b":{"0":[12,12],"1":[12,12],"2":[12,12],"3":[12,12],"4":[5],"5":[6],"6":[1,6],"7":[7,2],"8":[1,5],"9":[6,1],"10":[1,4],"11":[5,1]},"_coverageSchema":"1a1c01bbd47fc00a2c39e90264f33305004495a9","hash":"d3d7e8808fc67d406cf32084b29836a8f0b390c5"}
,"/Users/junliu/code/wineapp-v3/frontend/src/components/wine/index.ts": {"path":"/Users/junliu/code/wineapp-v3/frontend/src/components/wine/index.ts","statementMap":{},"fnMap":{},"branchMap":{},"s":{},"f":{},"b":{}}
,"/Users/junliu/code/wineapp-v3/frontend/src/navigation/MainTabs.tsx": {"path":"/Users/junliu/code/wineapp-v3/frontend/src/navigation/MainTabs.tsx","statementMap":{"0":{"start":{"line":12,"column":12},"end":{"line":12,"column":56}},"1":{"start":{"line":15,"column":16},"end":{"line":15,"column":26}},"2":{"start":{"line":17,"column":2},"end":{"line":70,"column":4}},"3":{"start":{"line":37,"column":12},"end":{"line":37,"column":76}},"4":{"start":{"line":47,"column":12},"end":{"line":47,"column":82}},"5":{"start":{"line":56,"column":12},"end":{"line":56,"column":76}},"6":{"start":{"line":65,"column":12},"end":{"line":65,"column":79}}},"fnMap":{"0":{"name":"MainTabs","decl":{"start":{"line":14,"column":24},"end":{"line":14,"column":32}},"loc":{"start":{"line":14,"column":35},"end":{"line":71,"column":1}},"line":14},"1":{"name":"(anonymous_1)","decl":{"start":{"line":36,"column":22},"end":{"line":36,"column":23}},"loc":{"start":{"line":37,"column":12},"end":{"line":37,"column":76}},"line":37},"2":{"name":"(anonymous_2)","decl":{"start":{"line":46,"column":22},"end":{"line":46,"column":23}},"loc":{"start":{"line":47,"column":12},"end":{"line":47,"column":82}},"line":47},"3":{"name":"(anonymous_3)","decl":{"start":{"line":55,"column":22},"end":{"line":55,"column":23}},"loc":{"start":{"line":56,"column":12},"end":{"line":56,"column":76}},"line":56},"4":{"name":"(anonymous_4)","decl":{"start":{"line":64,"column":22},"end":{"line":64,"column":23}},"loc":{"start":{"line":65,"column":12},"end":{"line":65,"column":79}},"line":65}},"branchMap":{},"s":{"0":0,"1":0,"2":0,"3":0,"4":0,"5":0,"6":0},"f":{"0":0,"1":0,"2":0,"3":0,"4":0},"b":{}}
[...]
_15)","decl":{"start":{"line":255,"column":23},"end":{"line":255,"column":24}},"loc":{"start":{"line":255,"column":29},"end":{"line":259,"column":15}},"line":255}},"branchMap":{"0":{"loc":{"start":{"line":42,"column":8},"end":{"line":54,"column":9}},"type":"if","locations":[{"start":{"line":42,"column":8},"end":{"line":54,"column":9}},{"start":{},"end":{}}],"line":42},"1":{"loc":{"start":{"line":47,"column":12},"end":{"line":50,"column":13}},"type":"if","locations":[{"start":{"line":47,"column":12},"end":{"line":50,"column":13}},{"start":{},"end":{}}],"line":47},"2":{"loc":{"start":{"line":78,"column":4},"end":{"line":80,"column":5}},"type":"if","locations":[{"start":{"line":78,"column":4},"end":{"line":80,"column":5}},{"start":{},"end":{}}],"line":78},"3":{"loc":{"start":{"line":88,"column":2},"end":{"line":101,"column":3}},"type":"if","locations":[{"start":{"line":88,"column":2},"end":{"line":101,"column":3}},{"start":{},"end":{}}],"line":88},"4":{"loc":{"start":{"line":103,"column":2},"end":{"line":133,"column":3}},"type":"if","locations":[{"start":{"line":103,"column":2},"end":{"line":133,"column":3}},{"start":{},"end":{}}],"line":103},"5":{"loc":{"start":{"line":103,"column":6},"end":{"line":103,"column":20}},"type":"binary-expr","locations":[{"start":{"line":103,"column":6},"end":{"line":103,"column":11}},{"start":{"line":103,"column":15},"end":{"line":103,"column":20}}],"line":103},"6":{"loc":{"start":{"line":142,"column":7},"end":{"line":154,"column":7}},"type":"binary-expr","locations":[{"start":{"line":142,"column":7},"end":{"line":142,"column":12}},{"start":{"line":143,"column":8},"end":{"line":153,"column":15}}],"line":142},"7":{"loc":{"start":{"line":157,"column":9},"end":{"line":166,"column":9}},"type":"binary-expr","locations":[{"start":{"line":157,"column":9},"end":{"line":157,"column":13}},{"start":{"line":158,"column":10},"end":{"line":165,"column":12}}],"line":157},"8":{"loc":{"start":{"line":169,"column":9},"end":{"line":184,"column":9}},"type":"binary-expr","locations":[{"start":{"line":169,"column":9},"end":{"line":169,"column":13}},{"start":{"line":169,"column":17},"end":{"line":169,"column":33}},{"start":{"line":170,"column":10},"end":{"line":183,"column":17}}],"line":169},"9":{"loc":{"start":{"line":176,"column":13},"end":{"line":182,"column":13}},"type":"cond-expr","locations":[{"start":{"line":177,"column":14},"end":{"line":177,"column":66}},{"start":{"line":179,"column":14},"end":{"line":181,"column":21}}],"line":176}},"s":{"0":0,"1":0,"2":0,"3":0,"4":0,"5":0,"6":0,"7":0,"8":0,"9":0,"10":0,"11":0,"12":0,"13":0,"14":0,"15":0,"16":0,"17":0,"18":0,"19":0,"20":0,"21":0,"22":0,"23":0,"24":0,"25":0,"26":0,"27":0,"28":0,"29":0,"30":0,"31":0,"32":0,"33":0,"34":0,"35":0,"36":0,"37":0,"38":0,"39":0,"40":0,"41":0,"42":0,"43":0,"44":0,"45":0,"46":0,"47":0,"48":0,"49":0,"50":0,"51":0,"52":0,"53":0,"54":0,"55":0,"56":0,"57":0},"f":{"0":0,"1":0,"2":0,"3":0,"4":0,"5":0,"6":0,"7":0,"8":0,"9":0,"10":0,"11":0,"12":0,"13":0,"14":0,"15":0},"b":{"0":[0,0],"1":[0,0],"2":[0,0],"3":[0,0],"4":[0,0],"5":[0,0],"6":[0,0],"7":[0,0],"8":[0,0,0],"9":[0,0]}}
,"/Users/junliu/code/wineapp-v3/frontend/src/screens/WineSearchScreen.tsx": {"path":"/Users/junliu/code/wineapp-v3/frontend/src/screens/WineSearchScreen.tsx","statementMap":{"0":{"start":{"line":14,"column":22},"end":{"line":17,"column":1}},"1":{"start":{"line":19,"column":25},"end":{"line":208,"column":1}},"2":{"start":{"line":20,"column":21},"end":{"line":20,"column":68}},"3":{"start":{"line":21,"column":16},"end":{"line":21,"column":53}},"4":{"start":{"line":24,"column":40},"end":{"line":24,"column":82}},"5":{"start":{"line":25,"column":44},"end":{"line":25,"column":64}},"6":{"start":{"line":26,"column":32},"end":{"line":26,"column":47}},"7":{"start":{"line":27,"column":28},"end":{"line":27,"column":40}},"8":{"start":{"line":28,"column":32},"end":{"line":28,"column":47}},"9":{"start":{"line":29,"column":26},"end":{"line":29,"column":37}},"10":{"start":{"line":30,"column":44},"end":{"line":33,"column":8}},"11":{"start":{"line":36,"column":2},"end":{"line":40,"column":9}},"12":{"start":{"line":37,"column":4},"end":{"line":39,"column":5}},"13":{"start":{"line":38,"column":6},"end":{"line":38,"column":26}},"14":{"start":{"line":42,"column":24},"end":{"line":75,"column":3}},"15":{"start":{"line":43,"column":4},"end":{"line":74,"column":5}},"16":{"start":{"line":44,"column":6},"end":{"line":47,"column":7}},"17":{"start":{"line":45,"column":8},"end":{"line":45,"column":25}},"18":{"start":{"line":46,"column":8},"end":{"line":46,"column":19}},"19":{"start":{"line":50,"column":27},"end":{"line":56,"column":7}},"20":{"start":{"line":58,"column":21},"end":{"line":58,"column":61}},"21":{"start":{"line":60,"column":6},"end":{"line":64,"column":7}},"22":{"start":{"line":61,"column":8},"end":{"line":61,"column":39}},"23":{"start":{"line":63,"column":8},"end":{"line":63,"column":61}},"24":{"start":{"line":63,"column":33},"end":{"line":63,"column":59}},"25":{"start":{"line":66,"column":6},"end":{"line":66,"column":45}},"26":{"start":{"line":67,"column":6},"end":{"line":67,"column":50}},"27":{"start":{"line":67,"column":23},"end":{"line":67,"column":47}},"28":{"start":{"line":68,"column":6},"end":{"line":68,"column":19}},"29":{"start":{"line":70,"column":6},"end":{"line":70,"column":42}},"30":{"start":{"line":71,"column":6},"end":{"line":71,"column":60}},"31":{"start":{"line":73,"column":6},"end":{"line":73,"column":24}},"32":{"start":{"line":78,"column":23},"end":{"line":82,"column":3}},"33":{"start":{"line":79,"column":4},"end":{"line":81,"column":5}},"34":{"start":{"line":80,"column":6},"end":{"line":80,"column":26}},"35":{"start":{"line":85,"column":25},"end":{"line":89,"column":3}},"36":{"start":{"line":86,"column":4},"end":{"line":88,"column":5}},"37":{"start":{"line":87,"column":6},"end":{"line":87,"column":27}},"38":{"start":{"line":92,"column":26},"end":{"line":94,"column":3}},"39":{"start":{"line":93,"column":4},"end":{"line":93,"column":59}},"40":{"start":{"line":97,"column":23},"end":{"line":111,"column":3}},"41":{"start":{"line":98,"column":4},"end":{"line":110,"column":7}},"42":{"start":{"line":99,"column":25},"end":{"line":99,"column":36}},"43":{"start":{"line":101,"column":6},"end":{"line":107,"column":7}},"44":{"start":{"line":103,"column":8},"end":{"line":103,"column":32}},"45":{"start":{"line":106,"column":8},"end":{"line":106,"column":33}},"46":{"start":{"line":109,"column":6},"end":{"line":109,"column":24}},"47":{"start":{"line":114,"column":2},"end":{"line":118,"column":22}},"48":{"start":{"line":115,"column":4},"end":{"line":117,"column":5}},"49":{"start":{"line":116,"column":6},"end":{"line":116,"column":26}},"50":{"start":{"line":121,"column":28},"end":{"line":138,"column":3}},"51":{"start":{"line":122,"column":4},"end":{"line":137,"column":11}},"52":{"start":{"line":126,"column":10},"end":{"line":134,"column":17}},"53":{"start":{"line":130,"column":27},"end":{"line":130,"column":57}},"54":{"start":{"line":141,"column":30},"end":{"line":158,"column":3}},"55":{"start":{"line":142,"column":4},"end":{"line":157,"column":11}},"56":{"start":{"line":146,"column":10},"end":{"line":154,"column":17}},"57":{"start":{"line":150,"column":27},"end":{"line":150,"column":57}},"58":{"start":{"line":160,"column":2},"end":{"line":207,"column":4}},"59":{"start":{"line":163,"column":42},"end":{"line":163,"column":61}},"60":{"start":{"line":165,"column":52},"end":{"line":165,"column":84}},"61":{"start":{"line":166,"column":50},"end":{"line":166,"column":80}},"62":{"start":{"line":210,"column":15},"end":{"line":245,"column":2}}},"fnMap":{"0":{"name":"(anonymous_0)","decl":{"start":{"line":19,"column":25},"end":{"line":19,"column":26}},"loc":{"start":{"line":19,"column":31},"end":{"line":208,"column":1}},"line":19},"1":{"name":"(anonymous_1)","decl":{"start":{"line":36,"column":12},"end":{"line":36,"column":13}},"loc":{"start":{"line":36,"column":18},"end":{"line":40,"column":3}},"line":36},"2":{"name":"(anonymous_2)","decl":{"start":{"line":42,"column":24},"end":{"line":42,"column":25}},"loc":{"start":{"line":42,"column":52},"end":{"line":75,"column":3}},"line":42},"3":{"name":"(anonymous_3)","decl":{"start":{"line":63,"column":25},"end":{"line":63,"column":26}},"loc":{"start":{"line":63,"column":33},"end":{"line":63,"column":59}},"line":63},"4":{"name":"(anonymous_4)","decl":{"start":{"line":67,"column":14},"end":{"line":67,"column":15}},"loc":{"start":{"line":67,"column":23},"end":{"line":67,"column":47}},"line":67},"5":{"name":"(anonymous_5)","decl":{"start":{"line":78,"column":23},"end":{"line":78,"column":24}},"loc":{"start":{"line":78,"column":29},"end":{"line":82,"column":3}},"line":78},"6":{"name":"(anonymous_6)","decl":{"start":{"line":85,"column":25},"end":{"line":85,"column":26}},"loc":{"start":{"line":85,"column":31},"end":{"line":89,"column":3}},"line":85},"7":{"name":"(anonymous_7)","decl":{"start":{"line":92,"column":26},"end":{"line":92,"column":27}},"loc":{"start":{"line":92,"column":42},"end":{"line":94,"column":3}},"line":92},"8":{"name":"(anonymous_8)","decl":{"start":{"line":97,"column":23},"end":{"line":97,"column":24}},"loc":{"start":{"line":97,"column":71},"end":{"line":111,"column":3}},"line":97},"9":{"name":"(anonymous_9)","decl":{"start":{"line":98,"column":21},"end":{"line":98,"column":22}},"loc":{"start":{"line":98,"column":29},"end":{"line":110,"column":5}},"line":98},"10":{"name":"(anonymous_10)","decl":{"start":{"line":114,"column":12},"end":{"line":114,"column":13}},"loc":{"start":{"line":114,"column":18},"end":{"line":118,"column":3}},"line":114},"11":{"name":"(anonymous_11)","decl":{"start":{"line":121,"column":28},"end":{"line":121,"column":29}},"loc":{"start":{"line":122,"column":4},"end":{"line":137,"column":11}},"line":122},"12":{"name":"(anonymous_12)","decl":{"start":{"line":125,"column":37},"end":{"line":125,"column":38}},"loc":{"start":{"line":126,"column":10},"end":{"line":134,"column":17}},"line":126},"13":{"name":"(anonymous_13)","decl":{"start":{"line":130,"column":21},"end":{"line":130,"column":22}},"loc":{"start":{"line":130,"column":27},"end":{"line":130,"column":57}},"line":130},"14":{"name":"(anonymous_14)","decl":{"start":{"line":141,"column":30},"end":{"line":141,"column":31}},"loc":{"start":{"line":142,"column":4},"end":{"line":157,"column":11}},"line":142},"15":{"name":"(anonymous_15)","decl":{"start":{"line":145,"column":35},"end":{"line":145,"column":36}},"loc":{"start":{"line":146,"column":10},"end":{"line":154,"column":17}},"line":146},"16":{"name":"(anonymous_16)","decl":{"start":{"line":150,"column":21},"end":{"line":150,"column":22}},"loc":{"start":{"line":150,"column":27},"end":{"line":150,"column":57}},"line":150},"17":{"name":"(anonymous_17)","decl":{"start":{"line":163,"column":36},"end":{"line":163,"column":37}},"loc":{"start":{"line":163,"column":42},"end":{"line":163,"column":61}},"line":163},"18":{"name":"(anonymous_18)","decl":{"start":{"line":165,"column":46},"end":{"line":165,"column":47}},"loc":{"start":{"line":165,"column":52},"end":{"line":165,"column":84}},"line":165},"19":{"name":"(anonymous_19)","decl":{"start":{"line":166,"column":44},"end":{"line":166,"column":45}},"loc":{"start":{"line":166,"column":50},"end":{"line":166,"column":80}},"line":166}},"branchMap":{"0":{"loc":{"start":{"line":24,"column":49},"end":{"line":24,"column":81}},"type":"binary-expr","locations":[{"start":{"line":24,"column":49},"end":{"line":24,"column":75}},{"start":{"line":24,"column":79},"end":{"line":24,"column":81}}],"line":24},"1":{"loc":{"start":{"line":37,"column":4},"end":{"line":39,"column":5}},"type":"if","locations":[{"start":{"line":37,"column":4},"end":{"line":39,"column":5}},{"start":{},"end":{}}],"line":37},"2":{"loc":{"start":{"line":42,"column":31},"end":{"line":42,"column":47}},"type":"default-arg","locations":[{"start":{"line":42,"column":43},"end":{"line":42,"column":47}}],"line":42},"3":{"loc":{"start":{"line":44,"column":6},"end":{"line":47,"column":7}},"type":"if","locations":[{"start":{"line":44,"column":6},"end":{"line":47,"column":7}},{"start":{},"end":{}}],"line":44},"4":{"loc":{"start":{"line":55,"column":16},"end":{"line":55,"column":47}},"type":"cond-expr","locations":[{"start":{"line":55,"column":28},"end":{"line":55,"column":29}},{"start":{"line":55,"column":32},"end":{"line":55,"column":47}}],"line":55},"5":{"loc":{"start":{"line":60,"column":6},"end":{"line":64,"column":7}},"type":"if","locations":[{"start":{"line":60,"column":6},"end":{"line":64,"column":7}},{"start":{"line":62,"column":13},"end":{"line":64,"column":7}}],"line":60},"6":{"loc":{"start":{"line":67,"column":23},"end":{"line":67,"column":47}},"type":"cond-expr","locations":[{"start":{"line":67,"column":35},"end":{"line":67,"column":36}},{"start":{"line":67,"column":39},"end":{"line":67,"column":47}}],"line":67},"7":{"loc":{"start":{"line":79,"column":4},"end":{"line":81,"column":5}},"type":"if","locations":[{"start":{"line":79,"column":4},"end":{"line":81,"column":5}},{"start":{},"end":{}}],"line":79},"8":{"loc":{"start":{"line":86,"column":4},"end":{"line":88,"column":5}},"type":"if","locations":[{"start":{"line":86,"column":4},"end":{"line":88,"column":5}},{"start":{},"end":{}}],"line":86},"9":{"loc":{"start":{"line":86,"column":8},"end":{"line":86,"column":27}},"type":"binary-expr","locations":[{"start":{"line":86,"column":8},"end":{"line":86,"column":16}},{"start":{"line":86,"column":20},"end":{"line":86,"column":27}}],"line":86},"10":{"loc":{"start":{"line":101,"column":6},"end":{"line":107,"column":7}},"type":"if","locations":[{"start":{"line":101,"column":6},"end":{"line":107,"column":7}},{"start":{"line":104,"column":13},"end":{"line":107,"column":7}}],"line":101},"11":{"loc":{"start":{"line":115,"column":4},"end":{"line":117,"column":5}},"type":"if","locations":[{"start":{"line":115,"column":4},"end":{"line":117,"column":5}},{"start":{},"end":{}}],"line":115},"12":{"loc":{"start":{"line":128,"column":18},"end":{"line":128,"column":71}},"type":"cond-expr","locations":[{"start":{"line":128,"column":52},"end":{"line":128,"column":58}},{"start":{"line":128,"column":61},"end":{"line":128,"column":71}}],"line":128},"13":{"loc":{"start":{"line":148,"column":18},"end":{"line":148,"column":71}},"type":"cond-expr","locations":[{"start":{"line":148,"column":52},"end":{"line":148,"column":58}},{"start":{"line":148,"column":61},"end":{"line":148,"column":71}}],"line":148},"14":{"loc":{"start":{"line":184,"column":7},"end":{"line":205,"column":7}},"type":"cond-expr","locations":[{"start":{"line":185,"column":8},"end":{"line":192,"column":10}},{"start":{"line":194,"column":8},"end":{"line":204,"column":15}}],"line":184},"15":{"loc":{"start":{"line":195,"column":11},"end":{"line":203,"column":11}},"type":"cond-expr","locations":[{"start":{"line":196,"column":12},"end":{"line":196,"column":52}},{"start":{"line":197,"column":14},"end":{"line":203,"column":11}}],"line":195},"16":{"loc":{"start":{"line":197,"column":14},"end":{"line":203,"column":11}},"type":"cond-expr","locations":[{"start":{"line":198,"column":12},"end":{"line":198,"column":84}},{"start":{"line":200,"column":12},"end":{"line":202,"column":19}}],"line":197},"17":{"loc":{"start":{"line":197,"column":14},"end":{"line":197,"column":44}},"type":"binary-expr","locations":[{"start":{"line":197,"column":14},"end":{"line":197,"column":32}},{"start":{"line":197,"column":36},"end":{"line":197,"column":44}}],"line":197}},"s":{"0":0,"1":0,"2":0,"3":0,"4":0,"5":0,"6":0,"7":0,"8":0,"9":0,"10":0,"11":0,"12":0,"13":0,"14":0,"15":0,"16":0,"17":0,"18":0,"19":0,"20":0,"21":0,"22":0,"23":0,"24":0,"25":0,"26":0,"27":0,"28":0,"29":0,"30":0,"31":0,"32":0,"33":0,"34":0,"35":0,"36":0,"37":0,"38":0,"39":0,"40":0,"41":0,"42":0,"43":0,"44":0,"45":0,"46":0,"47":0,"48":0,"49":0,"50":0,"51":0,"52":0,"53":0,"54":0,"55":0,"56":0,"57":0,"58":0,"59":0,"60":0,"61":0,"62":0},"f":{"0":0,"1":0,"2":0,"3":0,"4":0,"5":0,"6":0,"7":0,"8":0,"9":0,"10":0,"11":0,"12":0,"13":0,"14":0,"15":0,"16":0,"17":0,"18":0,"19":0},"b":{"0":[0,0],"1":[0,0],"2":[0],"3":[0,0],"4":[0,0],"5":[0,0],"6":[0,0],"7":[0,0],"8":[0,0],"9":[0,0],"10":[0,0],"11":[0,0],"12":[0,0],"13":[0,0],"14":[0,0],"15":[0,0],"16":[0,0],"17":[0,0]}}
,"/Users/junliu/code/wineapp-v3/frontend/src/store/useWineStore.ts": {"path":"/Users/junliu/code/wineapp-v3/frontend/src/store/useWineStore.ts","statementMap":{"0":{"start":{"line":28,"column":21},"end":{"line":57,"column":3}},"1":{"start":{"line":28,"column":47},"end":{"line":57,"column":1}},"2":{"start":{"line":34,"column":4},"end":{"line":36,"column":7}},"3":{"start":{"line":34,"column":18},"end":{"line":36,"column":5}},"4":{"start":{"line":39,"column":4},"end":{"line":41,"column":7}},"5":{"start":{"line":39,"column":18},"end":{"line":41,"column":5}},"6":{"start":{"line":44,"column":4},"end":{"line":46,"column":7}},"7":{"start":{"line":44,"column":18},"end":{"line":46,"column":5}},"8":{"start":{"line":45,"column":44},"end":{"line":45,"column":57}},"9":{"start":{"line":49,"column":4},"end":{"line":56,"column":6}},"10":{"start":{"line":51,"column":23},"end":{"line":51,"column":71}},"11":{"start":{"line":51,"column":57},"end":{"line":51,"column":70}},"12":{"start":{"line":53,"column":6},"end":{"line":55,"column":8}}},"fnMap":{"0":{"name":"(anonymous_0)","decl":{"start":{"line":28,"column":39},"end":{"line":28,"column":40}},"loc":{"start":{"line":28,"column":47},"end":{"line":57,"column":1}},"line":28},"1":{"name":"(anonymous_1)","decl":{"start":{"line":33,"column":11},"end":{"line":33,"column":12}},"loc":{"start":{"line":34,"column":4},"end":{"line":36,"column":7}},"line":34},"2":{"name":"(anonymous_2)","decl":{"start":{"line":34,"column":8},"end":{"line":34,"column":9}},"loc":{"start":{"line":34,"column":18},"end":{"line":36,"column":5}},"line":34},"3":{"name":"(anonymous_3)","decl":{"start":{"line":38,"column":17},"end":{"line":38,"column":18}},"loc":{"start":{"line":39,"column":4},"end":{"line":41,"column":7}},"line":39},"4":{"name":"(anonymous_4)","decl":{"start":{"line":39,"column":8},"end":{"line":39,"column":9}},"loc":{"start":{"line":39,"column":18},"end":{"line":41,"column":5}},"line":39},"5":{"name":"(anonymous_5)","decl":{"start":{"line":43,"column":22},"end":{"line":43,"column":23}},"loc":{"start":{"line":44,"column":4},"end":{"line":46,"column":7}},"line":44},"6":{"name":"(anonymous_6)","decl":{"start":{"line":44,"column":8},"end":{"line":44,"column":9}},"loc":{"start":{"line":44,"column":18},"end":{"line":46,"column":5}},"line":44},"7":{"name":"(anonymous_7)","decl":{"start":{"line":45,"column":38},"end":{"line":45,"column":39}},"loc":{"start":{"line":45,"column":44},"end":{"line":45,"column":57}},"line":45},"8":{"name":"(anonymous_8)","decl":{"start":{"line":48,"column":23},"end":{"line":48,"column":24}},"loc":{"start":{"line":49,"column":4},"end":{"line":56,"column":6}},"line":49},"9":{"name":"(anonymous_9)","decl":{"start":{"line":49,"column":8},"end":{"line":49,"column":9}},"loc":{"start":{"line":49,"column":17},"end":{"line":56,"column":5}},"line":49},"10":{"name":"(anonymous_10)","decl":{"start":{"line":51,"column":51},"end":{"line":51,"column":52}},"loc":{"start":{"line":51,"column":57},"end":{"line":51,"column":70}},"line":51}},"branchMap":{"0":{"loc":{"start":{"line":40,"column":16},"end":{"line":40,"column":94}},"type":"cond-expr","locations":[{"start":{"line":40,"column":50},"end":{"line":40,"column":64}},{"start":{"line":40,"column":67},"end":{"line":40,"column":94}}],"line":40}},"s":{"0":0,"1":0,"2":0,"3":0,"4":0,"5":0,"6":0,"7":0,"8":0,"9":0,"10":0,"11":0,"12":0},"f":{"0":0,"1":0,"2":0,"3":0,"4":0,"5":0,"6":0,"7":0,"8":0,"9":0,"10":0},"b":{"0":[0,0]}}
,"/Users/junliu/code/wineapp-v3/frontend/src/theme/theme.ts": {"path":"/Users/junliu/code/wineapp-v3/frontend/src/theme/theme.ts","statementMap":{"0":{"start":{"line":3,"column":19},"end":{"line":5,"column":1}},"1":{"start":{"line":7,"column":21},"end":{"line":24,"column":1}}},"fnMap":{},"branchMap":{},"s":{"0":0,"1":0},"f":{},"b":{}}
}
