TN:
SF:src/api/apiClient.ts
FN:17,(anonymous_0)
FN:25,(anonymous_1)
FN:32,(anonymous_2)
FN:35,(anonymous_3)
FNF:4
FNH:0
FNDA:0,(anonymous_0)
FNDA:0,(anonymous_1)
FNDA:0,(anonymous_2)
FNDA:0,(anonymous_3)
DA:5,0
DA:7,0
DA:16,0
DA:23,0
DA:26,0
DA:31,0
DA:33,0
DA:37,0
DA:40,0
DA:41,0
DA:43,0
DA:46,0
DA:48,0
LF:13
LH:0
BRDA:5,0,0,0
BRDA:5,0,1,0
BRDA:37,1,0,0
BRDA:37,1,1,0
BRDA:41,2,0,0
BRDA:41,2,1,0
BRF:6
BRH:0
end_of_record
TN:
SF:src/api/cellarService.ts
FN:59,(anonymous_0)
FN:65,(anonymous_1)
FN:71,(anonymous_2)
FN:77,(anonymous_3)
FN:83,(anonymous_4)
FN:88,(anonymous_5)
FN:94,(anonymous_6)
FN:100,(anonymous_7)
FN:106,(anonymous_8)
FN:111,(anonymous_9)
FNF:10
FNH:0
FNDA:0,(anonymous_0)
FNDA:0,(anonymous_1)
FNDA:0,(anonymous_2)
FNDA:0,(anonymous_3)
FNDA:0,(anonymous_4)
FNDA:0,(anonymous_5)
FNDA:0,(anonymous_6)
FNDA:0,(anonymous_7)
FNDA:0,(anonymous_8)
FNDA:0,(anonymous_9)
DA:57,0
DA:60,0
DA:61,0
DA:66,0
DA:67,0
DA:72,0
DA:73,0
DA:78,0
DA:79,0
DA:84,0
DA:89,0
DA:90,0
DA:95,0
DA:96,0
DA:101,0
DA:102,0
DA:107,0
DA:112,0
DA:113,0
LF:19
LH:0
BRF:0
BRH:0
end_of_record
TN:
SF:src/api/index.ts
FN:49,(anonymous_0)
FN:61,(anonymous_1)
FN:71,(anonymous_2)
FN:74,(anonymous_3)
FNF:4
FNH:0
FNDA:0,(anonymous_0)
FNDA:0,(anonymous_1)
FNDA:0,(anonymous_2)
FNDA:0,(anonymous_3)
DA:7,0
DA:8,0
DA:9,0
DA:12,0
DA:15,0
DA:16,0
DA:19,0
DA:26,0
DA:29,0
DA:30,0
DA:34,0
DA:38,0
DA:48,0
DA:51,0
DA:52,0
DA:53,0
DA:56,0
DA:57,0
DA:59,0
DA:62,0
DA:63,0
DA:65,0
DA:70,0
DA:72,0
DA:75,0
DA:76,0
DA:78,0
DA:79,0
DA:80,0
DA:81,0
DA:82,0
DA:85,0
LF:32
LH:0
BRDA:15,0,0,0
BRDA:15,0,1,0
BRDA:16,1,0,0
BRDA:16,1,1,0
BRDA:29,2,0,0
BRDA:29,2,1,0
BRDA:52,3,0,0
BRDA:52,3,1,0
BRDA:56,4,0,0
BRDA:56,4,1,0
BRDA:62,5,0,0
BRDA:62,5,1,0
BRDA:75,6,0,0
BRDA:75,6,1,0
BRDA:78,7,0,0
BRDA:78,7,1,0
BRDA:81,8,0,0
BRDA:81,8,1,0
BRF:18
BRH:0
end_of_record
TN:
SF:src/api/mockCellarService.ts
FN:117,(anonymous_0)
FN:117,(anonymous_1)
FN:121,(anonymous_2)
FN:125,(anonymous_3)
FN:133,(anonymous_4)
FN:135,(anonymous_5)
FN:142,(anonymous_6)
FN:158,(anonymous_7)
FN:160,(anonymous_8)
FN:174,(anonymous_9)
FN:176,(anonymous_10)
FN:196,(anonymous_11)
FN:200,(anonymous_12)
FN:203,(anonymous_13)
FN:207,(anonymous_14)
FN:212,(anonymous_15)
FN:225,(anonymous_16)
FN:227,(anonymous_17)
FN:229,(anonymous_18)
FN:231,(anonymous_19)
FN:262,(anonymous_20)
FN:264,(anonymous_21)
FN:271,(anonymous_22)
FN:273,(anonymous_23)
FN:298,(anonymous_24)
FN:300,(anonymous_25)
FN:314,(anonymous_26)
FN:316,(anonymous_27)
FNF:28
FNH:0
FNDA:0,(anonymous_0)
FNDA:0,(anonymous_1)
FNDA:0,(anonymous_2)
FNDA:0,(anonymous_3)
FNDA:0,(anonymous_4)
FNDA:0,(anonymous_5)
FNDA:0,(anonymous_6)
FNDA:0,(anonymous_7)
FNDA:0,(anonymous_8)
FNDA:0,(anonymous_9)
FNDA:0,(anonymous_10)
FNDA:0,(anonymous_11)
FNDA:0,(anonymous_12)
FNDA:0,(anonymous_13)
FNDA:0,(anonymous_14)
FNDA:0,(anonymous_15)
FNDA:0,(anonymous_16)
FNDA:0,(anonymous_17)
FNDA:0,(anonymous_18)
FNDA:0,(anonymous_19)
FNDA:0,(anonymous_20)
FNDA:0,(anonymous_21)
FNDA:0,(anonymous_22)
FNDA:0,(anonymous_23)
FNDA:0,(anonymous_24)
FNDA:0,(anonymous_25)
FNDA:0,(anonymous_26)
FNDA:0,(anonymous_27)
DA:16,0
DA:35,0
DA:74,0
DA:117,0
DA:120,0
DA:122,0
DA:123,0
DA:125,0
DA:127,0
DA:134,0
DA:135,0
DA:136,0
DA:137,0
DA:139,0
DA:143,0
DA:144,0
DA:154,0
DA:155,0
DA:159,0
DA:160,0
DA:161,0
DA:162,0
DA:165,0
DA:171,0
DA:175,0
DA:176,0
DA:177,0
DA:178,0
DA:181,0
DA:184,0
DA:185,0
DA:186,0
DA:187,0
DA:191,0
DA:192,0
DA:197,0
DA:198,0
DA:200,0
DA:202,0
DA:203,0
DA:206,0
DA:207,0
DA:210,0
DA:211,0
DA:212,0
DA:213,0
DA:219,0
DA:226,0
DA:227,0
DA:229,0
DA:231,0
DA:232,0
DA:235,0
DA:236,0
DA:237,0
DA:239,0
DA:241,0
DA:242,0
DA:245,0
DA:246,0
DA:249,0
DA:250,0
DA:253,0
DA:263,0
DA:264,0
DA:265,0
DA:266,0
DA:268,0
DA:272,0
DA:273,0
DA:274,0
DA:275,0
DA:278,0
DA:294,0
DA:295,0
DA:299,0
DA:300,0
DA:301,0
DA:302,0
DA:305,0
DA:311,0
DA:315,0
DA:316,0
DA:317,0
DA:318,0
DA:321,0
LF:86
LH:0
BRDA:123,0,0,0
BRDA:123,0,1,0
BRDA:136,1,0,0
BRDA:136,1,1,0
BRDA:148,2,0,0
BRDA:148,2,1,0
BRDA:161,3,0,0
BRDA:161,3,1,0
BRDA:177,4,0,0
BRDA:177,4,1,0
BRDA:186,5,0,0
BRDA:186,5,1,0
BRDA:202,6,0,0
BRDA:202,6,1,0
BRDA:206,7,0,0
BRDA:206,7,1,0
BRDA:210,8,0,0
BRDA:210,8,1,0
BRDA:213,9,0,0
BRDA:213,9,1,0
BRDA:213,9,2,0
BRDA:232,10,0,0
BRDA:232,10,1,0
BRDA:241,11,0,0
BRDA:241,11,1,0
BRDA:242,12,0,0
BRDA:242,12,1,0
BRDA:245,13,0,0
BRDA:245,13,1,0
BRDA:246,14,0,0
BRDA:246,14,1,0
BRDA:249,15,0,0
BRDA:249,15,1,0
BRDA:250,16,0,0
BRDA:250,16,1,0
BRDA:265,17,0,0
BRDA:265,17,1,0
BRDA:274,18,0,0
BRDA:274,18,1,0
BRDA:301,19,0,0
BRDA:301,19,1,0
BRDA:317,20,0,0
BRDA:317,20,1,0
BRF:43
BRH:0
end_of_record
TN:
SF:src/api/services.ts
FNF:0
FNH:0
LF:0
LH:0
BRF:0
BRH:0
end_of_record
TN:
SF:src/api/wineService.ts
FN:42,(anonymous_0)
FN:48,(anonymous_1)
FN:54,(anonymous_2)
FN:62,(anonymous_3)
FN:70,(anonymous_4)
FN:78,(anonymous_5)
FN:97,(anonymous_6)
FN:103,(anonymous_7)
FNF:8
FNH:0
FNDA:0,(anonymous_0)
FNDA:0,(anonymous_1)
FNDA:0,(anonymous_2)
FNDA:0,(anonymous_3)
FNDA:0,(anonymous_4)
FNDA:0,(anonymous_5)
FNDA:0,(anonymous_6)
FNDA:0,(anonymous_7)
DA:40,0
DA:43,0
DA:44,0
DA:49,0
DA:50,0
DA:55,0
DA:58,0
DA:63,0
DA:66,0
DA:71,0
DA:74,0
DA:80,0
DA:81,0
DA:87,0
DA:93,0
DA:98,0
DA:99,0
DA:104,0
DA:105,0
LF:19
LH:0
BRDA:42,0,0,0
BRDA:54,1,0,0
BRDA:62,2,0,0
BRDA:70,3,0,0
BRF:4
BRH:0
end_of_record
TN:
SF:src/auth/AuthContext.tsx
FN:26,(anonymous_0)
FN:27,(anonymous_1)
FN:44,(anonymous_2)
FN:50,(anonymous_3)
FN:51,(anonymous_4)
FN:81,(anonymous_5)
FN:103,(anonymous_6)
FN:136,(anonymous_7)
FNF:8
FNH:0
FNDA:0,(anonymous_0)
FNDA:0,(anonymous_1)
FNDA:0,(anonymous_2)
FNDA:0,(anonymous_3)
FNDA:0,(anonymous_4)
FNDA:0,(anonymous_5)
FNDA:0,(anonymous_6)
FNDA:0,(anonymous_7)
DA:22,0
DA:32,0
DA:35,0
DA:41,0
DA:44,0
DA:45,0
DA:46,0
DA:47,0
DA:50,0
DA:51,0
DA:52,0
DA:53,0
DA:55,0
DA:56,0
DA:58,0
DA:59,0
DA:62,0
DA:63,0
DA:65,0
DA:66,0
DA:67,0
DA:71,0
DA:73,0
DA:77,0
DA:81,0
DA:82,0
DA:84,0
DA:85,0
DA:86,0
DA:87,0
DA:88,0
DA:89,0
DA:97,0
DA:98,0
DA:103,0
DA:104,0
DA:106,0
DA:107,0
DA:110,0
DA:111,0
DA:113,0
DA:114,0
DA:119,0
DA:128,0
DA:136,0
LF:45
LH:0
BRDA:53,0,0,0
BRDA:53,0,1,0
BRDA:65,1,0,0
BRDA:65,1,1,0
BRDA:65,2,0,0
BRDA:65,2,1,0
BRDA:84,3,0,0
BRDA:84,3,1,0
BRDA:122,4,0,0
BRDA:122,4,1,0
BRF:10
BRH:0
end_of_record
TN:
SF:src/components/cellar/CellarCard.tsx
FN:14,(anonymous_0)
FN:22,(anonymous_1)
FN:35,(anonymous_2)
FN:43,(anonymous_3)
FNF:4
FNH:4
FNDA:16,(anonymous_0)
FNDA:2,(anonymous_1)
FNDA:2,(anonymous_2)
FNDA:2,(anonymous_3)
DA:14,2
DA:21,16
DA:22,2
DA:35,2
DA:43,2
DA:67,2
LF:6
LH:6
BRDA:16,0,0,3
BRDA:24,1,0,16
BRDA:24,1,1,6
BRDA:31,2,0,16
BRDA:31,2,1,3
BRDA:39,3,0,16
BRDA:39,3,1,3
BRDA:52,4,0,1
BRDA:52,4,1,15
BRDA:55,5,0,16
BRDA:55,5,1,15
BRDA:55,5,2,15
BRDA:57,6,0,6
BRDA:57,6,1,9
BRF:14
BRH:14
end_of_record
TN:
SF:src/components/cellar/CellarForm.tsx
FN:14,(anonymous_0)
FN:26,(anonymous_1)
FN:34,(anonymous_2)
FN:47,(anonymous_3)
FN:53,(anonymous_4)
FN:60,(anonymous_5)
FN:85,(anonymous_6)
FN:89,(anonymous_7)
FNF:8
FNH:0
FNDA:0,(anonymous_0)
FNDA:0,(anonymous_1)
FNDA:0,(anonymous_2)
FNDA:0,(anonymous_3)
FNDA:0,(anonymous_4)
FNDA:0,(anonymous_5)
FNDA:0,(anonymous_6)
FNDA:0,(anonymous_7)
DA:14,0
DA:21,0
DA:22,0
DA:23,0
DA:24,0
DA:26,0
DA:28,0
DA:29,0
DA:30,0
DA:34,0
DA:35,0
DA:37,0
DA:38,0
DA:39,0
DA:41,0
DA:44,0
DA:47,0
DA:48,0
DA:49,0
DA:53,0
DA:54,0
DA:55,0
DA:56,0
DA:60,0
DA:61,0
DA:62,0
DA:63,0
DA:66,0
DA:86,0
DA:89,0
DA:134,0
LF:31
LH:0
BRDA:18,0,0,0
BRDA:19,1,0,0
BRDA:21,2,0,0
BRDA:21,2,1,0
BRDA:23,3,0,0
BRDA:23,3,1,0
BRDA:28,4,0,0
BRDA:28,4,1,0
BRDA:29,5,0,0
BRDA:29,5,1,0
BRDA:30,6,0,0
BRDA:30,6,1,0
BRDA:37,7,0,0
BRDA:37,7,1,0
BRDA:48,8,0,0
BRDA:48,8,1,0
BRDA:54,9,0,0
BRDA:54,9,1,0
BRDA:77,10,0,0
BRDA:77,10,1,0
BRDA:111,11,0,0
BRDA:111,11,1,0
BRDA:127,12,0,0
BRDA:127,12,1,0
BRF:24
BRH:0
end_of_record
TN:
SF:src/components/cellar/CellarList.tsx
FN:18,(anonymous_0)
FN:48,(anonymous_1)
FN:50,(anonymous_2)
FNF:3
FNH:3
FNDA:8,(anonymous_0)
FNDA:15,(anonymous_1)
FNDA:10,(anonymous_2)
DA:18,1
DA:28,8
DA:29,1
DA:36,7
DA:37,1
DA:44,6
DA:48,15
DA:51,10
DA:80,1
LF:9
LH:9
BRDA:20,0,0,7
BRDA:21,1,0,7
BRDA:28,2,0,1
BRDA:28,2,1,7
BRDA:28,3,0,8
BRDA:28,3,1,1
BRDA:36,4,0,1
BRDA:36,4,1,6
BRDA:36,5,0,7
BRDA:36,5,1,1
BRDA:53,6,0,10
BRDA:53,6,1,8
BRDA:68,7,0,6
BRDA:68,7,1,1
BRF:14
BRH:14
end_of_record
TN:
SF:src/components/cellar/CellarWineList.tsx
FN:39,(anonymous_0)
FN:41,(anonymous_1)
FN:42,(anonymous_2)
FN:71,(anonymous_3)
FN:78,(anonymous_4)
FN:85,(anonymous_5)
FN:95,(anonymous_6)
FN:133,(anonymous_7)
FN:138,(anonymous_8)
FN:156,(anonymous_9)
FN:174,(anonymous_10)
FN:199,(anonymous_11)
FN:204,(anonymous_12)
FN:208,(anonymous_13)
FN:218,(anonymous_14)
FN:221,(anonymous_15)
FN:231,(anonymous_16)
FN:235,(anonymous_17)
FN:260,(anonymous_18)
FN:261,(anonymous_19)
FN:264,(anonymous_20)
FN:267,(anonymous_21)
FN:272,(anonymous_22)
FNF:23
FNH:0
FNDA:0,(anonymous_0)
FNDA:0,(anonymous_1)
FNDA:0,(anonymous_2)
FNDA:0,(anonymous_3)
FNDA:0,(anonymous_4)
FNDA:0,(anonymous_5)
FNDA:0,(anonymous_6)
FNDA:0,(anonymous_7)
FNDA:0,(anonymous_8)
FNDA:0,(anonymous_9)
FNDA:0,(anonymous_10)
FNDA:0,(anonymous_11)
FNDA:0,(anonymous_12)
FNDA:0,(anonymous_13)
FNDA:0,(anonymous_14)
FNDA:0,(anonymous_15)
FNDA:0,(anonymous_16)
FNDA:0,(anonymous_17)
FNDA:0,(anonymous_18)
FNDA:0,(anonymous_19)
FNDA:0,(anonymous_20)
FNDA:0,(anonymous_21)
FNDA:0,(anonymous_22)
DA:25,0
DA:39,0
DA:40,0
DA:41,0
DA:42,0
DA:44,0
DA:72,0
DA:73,0
DA:79,0
DA:80,0
DA:86,0
DA:87,0
DA:96,0
DA:97,0
DA:133,0
DA:138,0
DA:156,0
DA:168,0
DA:169,0
DA:170,0
DA:171,0
DA:174,0
DA:175,0
DA:179,0
DA:183,0
DA:186,0
DA:199,0
DA:205,0
DA:208,0
DA:218,0
DA:221,0
DA:232,0
DA:236,0
DA:237,0
DA:260,0
DA:262,0
DA:264,0
DA:267,0
DA:272,0
DA:307,0
LF:40
LH:0
BRDA:53,0,0,0
BRDA:53,0,1,0
BRDA:67,1,0,0
BRDA:67,1,1,0
BRDA:105,2,0,0
BRDA:105,2,1,0
BRDA:110,3,0,0
BRDA:110,3,1,0
BRDA:115,4,0,0
BRDA:115,4,1,0
BRDA:124,5,0,0
BRDA:124,5,1,0
BRDA:127,6,0,0
BRDA:127,6,1,0
BRDA:127,6,2,0
BRDA:144,7,0,0
BRDA:144,7,1,0
BRDA:158,8,0,0
BRDA:164,9,0,0
BRDA:165,10,0,0
BRDA:175,11,0,0
BRDA:175,11,1,0
BRDA:176,12,0,0
BRDA:176,12,1,0
BRDA:176,13,0,0
BRDA:176,13,1,0
BRDA:179,14,0,0
BRDA:179,14,1,0
BRDA:183,15,0,0
BRDA:183,15,1,0
BRDA:240,16,0,0
BRDA:240,16,1,0
BRDA:240,17,0,0
BRDA:240,17,1,0
BRDA:249,18,0,0
BRDA:249,18,1,0
BRDA:249,19,0,0
BRDA:249,19,1,0
BRDA:253,20,0,0
BRDA:253,20,1,0
BRDA:253,21,0,0
BRDA:253,21,1,0
BRDA:266,22,0,0
BRDA:266,22,1,0
BRDA:271,23,0,0
BRDA:271,23,1,0
BRDA:281,24,0,0
BRDA:281,24,1,0
BRDA:281,25,0,0
BRDA:281,25,1,0
BRDA:286,26,0,0
BRDA:286,26,1,0
BRDA:296,27,0,0
BRDA:296,27,1,0
BRDA:296,27,2,0
BRF:55
BRH:0
end_of_record
TN:
SF:src/components/cellar/index.ts
FNF:0
FNH:0
LF:0
LH:0
BRF:0
BRH:0
end_of_record
TN:
SF:src/components/wine/WineCard.tsx
FN:15,(anonymous_0)
FNF:1
FNH:1
FNDA:5,(anonymous_0)
DA:15,1
DA:23,5
DA:25,5
DA:134,1
LF:4
LH:4
BRDA:21,0,0,3
BRDA:38,1,0,1
BRDA:38,1,1,4
BRDA:39,2,0,1
BRDA:39,2,1,4
BRDA:47,3,0,5
BRDA:47,3,1,4
BRDA:54,4,0,5
BRDA:54,4,1,4
BRDA:63,5,0,5
BRDA:63,5,1,4
BRDA:74,6,0,5
BRDA:74,6,1,4
BRDA:81,7,0,5
BRDA:81,7,1,4
BRDA:88,8,0,5
BRDA:88,8,1,4
BRDA:96,9,0,5
BRDA:96,9,1,4
BRF:19
BRH:19
end_of_record
TN:
SF:src/components/wine/WineList.tsx
FN:15,(anonymous_0)
FN:71,(anonymous_1)
FN:98,(anonymous_2)
FN:99,(anonymous_3)
FN:100,(anonymous_4)
FNF:5
FNH:5
FNDA:12,(anonymous_0)
FNDA:7,(anonymous_1)
FNDA:16,(anonymous_2)
FNDA:12,(anonymous_3)
FNDA:1,(anonymous_4)
DA:15,1
DA:16,12
DA:18,12
DA:71,1
DA:79,7
DA:80,1
DA:87,6
DA:88,1
DA:95,5
DA:98,16
DA:100,12
DA:120,1
LF:12
LH:12
BRDA:31,0,0,12
BRDA:31,0,1,12
BRDA:38,1,0,12
BRDA:38,1,1,12
BRDA:48,2,0,12
BRDA:48,2,1,12
BRDA:60,3,0,12
BRDA:60,3,1,12
BRDA:73,4,0,5
BRDA:77,5,0,6
BRDA:79,6,0,1
BRDA:79,6,1,6
BRDA:79,7,0,7
BRDA:79,7,1,2
BRDA:87,8,0,1
BRDA:87,8,1,5
BRDA:87,9,0,6
BRDA:87,9,1,1
BRDA:107,10,0,1
BRDA:107,10,1,4
BRDA:107,11,0,5
BRDA:107,11,1,1
BRF:22
BRH:22
end_of_record
TN:
SF:src/components/wine/index.ts
FNF:0
FNH:0
LF:0
LH:0
BRF:0
BRH:0
end_of_record
TN:
SF:src/navigation/MainTabs.tsx
FN:14,MainTabs
FN:36,(anonymous_1)
FN:46,(anonymous_2)
FN:55,(anonymous_3)
FN:64,(anonymous_4)
FNF:5
FNH:0
FNDA:0,MainTabs
FNDA:0,(anonymous_1)
FNDA:0,(anonymous_2)
FNDA:0,(anonymous_3)
FNDA:0,(anonymous_4)
DA:12,0
DA:15,0
DA:17,0
DA:37,0
DA:47,0
DA:56,0
DA:65,0
LF:7
LH:0
BRF:0
BRH:0
end_of_record
TN:
SF:src/navigation/RootNavigator.tsx
FN:15,(anonymous_0)
FN:16,(anonymous_1)
FN:20,RootNavigator
FNF:3
FNH:0
FNDA:0,(anonymous_0)
FNDA:0,(anonymous_1)
FNDA:0,RootNavigator
DA:15,0
DA:16,0
DA:18,0
DA:21,0
LF:4
LH:0
BRF:0
BRH:0
end_of_record
TN:
SF:src/navigation/types.ts
FNF:0
FNH:0
LF:0
LH:0
BRF:0
BRH:0
end_of_record
TN:
SF:src/screens/AddWineScreen.tsx
FN:13,(anonymous_0)
FN:30,(anonymous_1)
FN:31,(anonymous_2)
FN:35,(anonymous_3)
FN:43,(anonymous_4)
FN:60,(anonymous_5)
FN:72,(anonymous_6)
FN:81,(anonymous_7)
FN:90,(anonymous_8)
FN:100,(anonymous_9)
FN:108,(anonymous_10)
FN:117,(anonymous_11)
FN:127,(anonymous_12)
FN:135,(anonymous_13)
FN:143,(anonymous_14)
FN:150,(anonymous_15)
FN:155,(anonymous_16)
FN:166,(anonymous_17)
FN:174,(anonymous_18)
FNF:19
FNH:0
FNDA:0,(anonymous_0)
FNDA:0,(anonymous_1)
FNDA:0,(anonymous_2)
FNDA:0,(anonymous_3)
FNDA:0,(anonymous_4)
FNDA:0,(anonymous_5)
FNDA:0,(anonymous_6)
FNDA:0,(anonymous_7)
FNDA:0,(anonymous_8)
FNDA:0,(anonymous_9)
FNDA:0,(anonymous_10)
FNDA:0,(anonymous_11)
FNDA:0,(anonymous_12)
FNDA:0,(anonymous_13)
FNDA:0,(anonymous_14)
FNDA:0,(anonymous_15)
FNDA:0,(anonymous_16)
FNDA:0,(anonymous_17)
FNDA:0,(anonymous_18)
DA:11,0
DA:13,0
DA:14,0
DA:16,0
DA:27,0
DA:28,0
DA:30,0
DA:31,0
DA:34,0
DA:35,0
DA:36,0
DA:37,0
DA:38,0
DA:43,0
DA:44,0
DA:46,0
DA:47,0
DA:50,0
DA:51,0
DA:52,0
DA:53,0
DA:56,0
DA:57,0
DA:60,0
DA:61,0
DA:62,0
DA:65,0
DA:67,0
DA:72,0
DA:78,0
DA:80,0
DA:81,0
DA:86,0
DA:90,0
DA:91,0
DA:94,0
DA:100,0
DA:108,0
DA:117,0
DA:127,0
DA:135,0
DA:143,0
DA:151,0
DA:155,0
DA:166,0
DA:174,0
DA:201,0
LF:47
LH:0
BRDA:34,0,0,0
BRDA:34,0,1,0
BRDA:46,1,0,0
BRDA:46,1,1,0
BRDA:50,2,0,0
BRDA:50,2,1,0
BRDA:52,3,0,0
BRDA:52,3,1,0
BRDA:61,4,0,0
BRDA:61,4,1,0
BRDA:91,5,0,0
BRDA:91,5,1,0
BRDA:96,6,0,0
BRDA:96,6,1,0
BRDA:112,7,0,0
BRDA:112,7,1,0
BRDA:122,8,0,0
BRDA:122,8,1,0
BRDA:153,9,0,0
BRDA:153,9,1,0
BRDA:181,10,0,0
BRDA:181,10,1,0
BRF:22
BRH:0
end_of_record
TN:
SF:src/screens/CellarDetailScreen.tsx
FN:8,(anonymous_0)
FN:24,(anonymous_1)
FN:28,(anonymous_2)
FN:48,(anonymous_3)
FN:52,(anonymous_4)
FN:59,(anonymous_5)
FN:68,(anonymous_6)
FN:74,(anonymous_7)
FN:82,(anonymous_8)
FN:90,(anonymous_9)
FN:117,(anonymous_10)
FN:119,(anonymous_11)
FN:120,(anonymous_12)
FN:135,(anonymous_13)
FN:143,(anonymous_14)
FNF:15
FNH:0
FNDA:0,(anonymous_0)
FNDA:0,(anonymous_1)
FNDA:0,(anonymous_2)
FNDA:0,(anonymous_3)
FNDA:0,(anonymous_4)
FNDA:0,(anonymous_5)
FNDA:0,(anonymous_6)
FNDA:0,(anonymous_7)
FNDA:0,(anonymous_8)
FNDA:0,(anonymous_9)
FNDA:0,(anonymous_10)
FNDA:0,(anonymous_11)
FNDA:0,(anonymous_12)
FNDA:0,(anonymous_13)
FNDA:0,(anonymous_14)
DA:8,0
DA:9,0
DA:10,0
DA:11,0
DA:13,0
DA:14,0
DA:15,0
DA:16,0
DA:17,0
DA:24,0
DA:25,0
DA:28,0
DA:29,0
DA:30,0
DA:31,0
DA:32,0
DA:34,0
DA:38,0
DA:39,0
DA:41,0
DA:42,0
DA:44,0
DA:48,0
DA:49,0
DA:50,0
DA:52,0
DA:54,0
DA:59,0
DA:60,0
DA:68,0
DA:69,0
DA:70,0
DA:71,0
DA:74,0
DA:75,0
DA:77,0
DA:82,0
DA:84,0
DA:90,0
DA:92,0
DA:95,0
DA:96,0
DA:103,0
DA:104,0
DA:114,0
DA:117,0
DA:119,0
DA:120,0
DA:135,0
DA:143,0
DA:152,0
LF:51
LH:0
BRDA:52,0,0,0
BRDA:52,0,1,0
BRDA:63,1,0,0
BRDA:63,1,1,0
BRDA:63,2,0,0
BRDA:63,2,1,0
BRDA:74,3,0,0
BRDA:74,3,1,0
BRDA:95,4,0,0
BRDA:95,4,1,0
BRDA:95,5,0,0
BRDA:95,5,1,0
BRDA:103,6,0,0
BRDA:103,6,1,0
BRDA:103,7,0,0
BRDA:103,7,1,0
BRDA:118,8,0,0
BRDA:118,8,1,0
BRDA:126,9,0,0
BRDA:126,9,1,0
BRF:20
BRH:0
end_of_record
TN:
SF:src/screens/CellarFormScreen.tsx
FN:8,(anonymous_0)
FN:17,(anonymous_1)
FN:41,(anonymous_2)
FN:55,(anonymous_3)
FN:62,(anonymous_4)
FN:69,(anonymous_5)
FNF:6
FNH:0
FNDA:0,(anonymous_0)
FNDA:0,(anonymous_1)
FNDA:0,(anonymous_2)
FNDA:0,(anonymous_3)
FNDA:0,(anonymous_4)
FNDA:0,(anonymous_5)
DA:8,0
DA:9,0
DA:10,0
DA:11,0
DA:12,0
DA:14,0
DA:15,0
DA:17,0
DA:18,0
DA:19,0
DA:21,0
DA:23,0
DA:27,0
DA:31,0
DA:32,0
DA:37,0
DA:41,0
DA:42,0
DA:45,0
DA:46,0
DA:48,0
DA:52,0
DA:55,0
DA:62,0
DA:69,0
DA:78,0
LF:26
LH:0
BRDA:11,0,0,0
BRDA:11,0,1,0
BRDA:21,1,0,0
BRDA:21,1,1,0
BRDA:56,2,0,0
BRDA:56,2,1,0
BRDA:64,3,0,0
BRDA:64,3,1,0
BRF:8
BRH:0
end_of_record
TN:
SF:src/screens/CellarStatsScreen.tsx
FN:7,(anonymous_0)
FN:9,(anonymous_1)
FN:16,(anonymous_2)
FN:30,(anonymous_3)
FN:39,(anonymous_4)
FN:43,(anonymous_5)
FN:60,(anonymous_6)
FNF:7
FNH:0
FNDA:0,(anonymous_0)
FNDA:0,(anonymous_1)
FNDA:0,(anonymous_2)
FNDA:0,(anonymous_3)
FNDA:0,(anonymous_4)
FNDA:0,(anonymous_5)
FNDA:0,(anonymous_6)
DA:7,0
DA:9,0
DA:11,0
DA:17,0
DA:30,0
DA:31,0
DA:32,0
DA:33,0
DA:35,0
DA:36,0
DA:37,0
DA:39,0
DA:40,0
DA:43,0
DA:44,0
DA:45,0
DA:46,0
DA:47,0
DA:48,0
DA:50,0
DA:51,0
DA:53,0
DA:57,0
DA:60,0
DA:105,0
LF:25
LH:0
BRDA:15,0,0,0
BRDA:15,0,1,0
BRDA:64,1,0,0
BRDA:64,1,1,0
BRDA:68,2,0,0
BRDA:68,2,1,0
BRDA:75,3,0,0
BRDA:75,3,1,0
BRF:8
BRH:0
end_of_record
TN:
SF:src/screens/ChatScreen.tsx
FN:6,(anonymous_0)
FN:35,(anonymous_1)
FNF:2
FNH:0
FNDA:0,(anonymous_0)
FNDA:0,(anonymous_1)
DA:6,0
DA:7,0
DA:9,0
DA:46,0
LF:4
LH:0
BRF:0
BRH:0
end_of_record
TN:
SF:src/screens/HomeScreen.tsx
FN:11,(anonymous_0)
FN:16,(anonymous_1)
FN:28,(anonymous_2)
FN:32,(anonymous_3)
FN:68,(anonymous_4)
FN:86,(anonymous_5)
FN:89,(anonymous_6)
FN:112,(anonymous_7)
FN:115,(anonymous_8)
FNF:9
FNH:0
FNDA:0,(anonymous_0)
FNDA:0,(anonymous_1)
FNDA:0,(anonymous_2)
FNDA:0,(anonymous_3)
FNDA:0,(anonymous_4)
FNDA:0,(anonymous_5)
FNDA:0,(anonymous_6)
FNDA:0,(anonymous_7)
FNDA:0,(anonymous_8)
DA:11,0
DA:12,0
DA:13,0
DA:14,0
DA:16,0
DA:17,0
DA:19,0
DA:24,0
DA:28,0
DA:29,0
DA:32,0
DA:33,0
DA:36,0
DA:68,0
DA:87,0
DA:89,0
DA:113,0
DA:115,0
DA:132,0
LF:19
LH:0
BRDA:17,0,0,0
BRDA:17,0,1,0
BRF:2
BRH:0
end_of_record
TN:
SF:src/screens/MyWinesScreen.tsx
FN:9,(anonymous_0)
FN:24,(anonymous_1)
FN:30,(anonymous_2)
FN:60,(anonymous_3)
FN:64,(anonymous_4)
FN:68,(anonymous_5)
FN:73,(anonymous_6)
FN:78,(anonymous_7)
FN:87,(anonymous_8)
FN:91,(anonymous_9)
FN:121,(anonymous_10)
FN:129,(anonymous_11)
FN:137,(anonymous_12)
FN:234,(anonymous_13)
FN:246,(anonymous_14)
FNF:15
FNH:0
FNDA:0,(anonymous_0)
FNDA:0,(anonymous_1)
FNDA:0,(anonymous_2)
FNDA:0,(anonymous_3)
FNDA:0,(anonymous_4)
FNDA:0,(anonymous_5)
FNDA:0,(anonymous_6)
FNDA:0,(anonymous_7)
FNDA:0,(anonymous_8)
FNDA:0,(anonymous_9)
FNDA:0,(anonymous_10)
FNDA:0,(anonymous_11)
FNDA:0,(anonymous_12)
FNDA:0,(anonymous_13)
FNDA:0,(anonymous_14)
DA:9,0
DA:10,0
DA:11,0
DA:12,0
DA:15,0
DA:16,0
DA:17,0
DA:18,0
DA:21,0
DA:22,0
DA:24,0
DA:25,0
DA:26,0
DA:30,0
DA:31,0
DA:32,0
DA:33,0
DA:36,0
DA:37,0
DA:40,0
DA:41,0
DA:42,0
DA:43,0
DA:44,0
DA:46,0
DA:47,0
DA:51,0
DA:53,0
DA:54,0
DA:56,0
DA:60,0
DA:61,0
DA:64,0
DA:65,0
DA:68,0
DA:69,0
DA:70,0
DA:73,0
DA:74,0
DA:76,0
DA:77,0
DA:78,0
DA:79,0
DA:80,0
DA:82,0
DA:87,0
DA:88,0
DA:91,0
DA:92,0
DA:94,0
DA:98,0
DA:100,0
DA:104,0
DA:106,0
DA:112,0
DA:116,0
DA:121,0
DA:129,0
DA:137,0
DA:234,0
DA:246,0
DA:266,0
LF:62
LH:0
BRDA:25,0,0,0
BRDA:25,0,1,0
BRDA:74,1,0,0
BRDA:74,1,1,0
BRDA:92,2,0,0
BRDA:92,2,1,0
BRDA:92,3,0,0
BRDA:92,3,1,0
BRDA:98,4,0,0
BRDA:98,4,1,0
BRDA:104,5,0,0
BRDA:104,5,1,0
BRDA:147,6,0,0
BRDA:147,6,1,0
BRDA:149,7,0,0
BRDA:149,7,1,0
BRDA:154,8,0,0
BRDA:154,8,1,0
BRDA:160,9,0,0
BRDA:160,9,1,0
BRDA:181,10,0,0
BRDA:181,10,1,0
BRDA:203,11,0,0
BRDA:203,11,1,0
BRF:24
BRH:0
end_of_record
TN:
SF:src/screens/ProfileScreen.tsx
FN:6,(anonymous_0)
FN:31,(anonymous_1)
FN:37,(anonymous_2)
FN:42,(anonymous_3)
FN:52,(anonymous_4)
FN:56,(anonymous_5)
FN:60,(anonymous_6)
FNF:7
FNH:0
FNDA:0,(anonymous_0)
FNDA:0,(anonymous_1)
FNDA:0,(anonymous_2)
FNDA:0,(anonymous_3)
FNDA:0,(anonymous_4)
FNDA:0,(anonymous_5)
FNDA:0,(anonymous_6)
DA:6,0
DA:7,0
DA:9,0
DA:32,0
DA:37,0
DA:42,0
DA:52,0
DA:56,0
DA:60,0
DA:98,0
LF:10
LH:0
BRF:0
BRH:0
end_of_record
TN:
SF:src/screens/WineDetailScreen.tsx
FN:13,(anonymous_0)
FN:26,(anonymous_1)
FN:27,(anonymous_2)
FN:63,(anonymous_3)
FN:64,(anonymous_4)
FN:67,(anonymous_5)
FN:72,(anonymous_6)
FN:77,(anonymous_7)
FN:83,(anonymous_8)
FN:92,(anonymous_9)
FN:107,(anonymous_10)
FN:123,(anonymous_11)
FN:138,(anonymous_12)
FN:236,(anonymous_13)
FN:249,(anonymous_14)
FN:255,(anonymous_15)
FNF:16
FNH:0
FNDA:0,(anonymous_0)
FNDA:0,(anonymous_1)
FNDA:0,(anonymous_2)
FNDA:0,(anonymous_3)
FNDA:0,(anonymous_4)
FNDA:0,(anonymous_5)
FNDA:0,(anonymous_6)
FNDA:0,(anonymous_7)
FNDA:0,(anonymous_8)
FNDA:0,(anonymous_9)
FNDA:0,(anonymous_10)
FNDA:0,(anonymous_11)
FNDA:0,(anonymous_12)
FNDA:0,(anonymous_13)
FNDA:0,(anonymous_14)
FNDA:0,(anonymous_15)
DA:13,0
DA:14,0
DA:15,0
DA:16,0
DA:17,0
DA:19,0
DA:20,0
DA:21,0
DA:22,0
DA:23,0
DA:24,0
DA:26,0
DA:27,0
DA:28,0
DA:29,0
DA:30,0
DA:31,0
DA:32,0
DA:33,0
DA:34,0
DA:37,0
DA:39,0
DA:40,0
DA:42,0
DA:44,0
DA:46,0
DA:47,0
DA:48,0
DA:49,0
DA:52,0
DA:56,0
DA:60,0
DA:63,0
DA:64,0
DA:67,0
DA:69,0
DA:72,0
DA:74,0
DA:77,0
DA:78,0
DA:79,0
DA:83,0
DA:85,0
DA:88,0
DA:89,0
DA:92,0
DA:103,0
DA:104,0
DA:107,0
DA:123,0
DA:135,0
DA:138,0
DA:236,0
DA:249,0
DA:257,0
DA:258,0
DA:271,0
LF:57
LH:0
BRDA:42,0,0,0
BRDA:42,0,1,0
BRDA:47,1,0,0
BRDA:47,1,1,0
BRDA:78,2,0,0
BRDA:78,2,1,0
BRDA:88,3,0,0
BRDA:88,3,1,0
BRDA:103,4,0,0
BRDA:103,4,1,0
BRDA:103,5,0,0
BRDA:103,5,1,0
BRDA:142,6,0,0
BRDA:142,6,1,0
BRDA:157,7,0,0
BRDA:157,7,1,0
BRDA:169,8,0,0
BRDA:169,8,1,0
BRDA:169,8,2,0
BRDA:176,9,0,0
BRDA:176,9,1,0
BRF:21
BRH:0
end_of_record
TN:
SF:src/screens/WineSearchScreen.tsx
FN:19,(anonymous_0)
FN:36,(anonymous_1)
FN:42,(anonymous_2)
FN:63,(anonymous_3)
FN:67,(anonymous_4)
FN:78,(anonymous_5)
FN:85,(anonymous_6)
FN:92,(anonymous_7)
FN:97,(anonymous_8)
FN:98,(anonymous_9)
FN:114,(anonymous_10)
FN:121,(anonymous_11)
FN:125,(anonymous_12)
FN:130,(anonymous_13)
FN:141,(anonymous_14)
FN:145,(anonymous_15)
FN:150,(anonymous_16)
FN:163,(anonymous_17)
FN:165,(anonymous_18)
FN:166,(anonymous_19)
FNF:20
FNH:0
FNDA:0,(anonymous_0)
FNDA:0,(anonymous_1)
FNDA:0,(anonymous_2)
FNDA:0,(anonymous_3)
FNDA:0,(anonymous_4)
FNDA:0,(anonymous_5)
FNDA:0,(anonymous_6)
FNDA:0,(anonymous_7)
FNDA:0,(anonymous_8)
FNDA:0,(anonymous_9)
FNDA:0,(anonymous_10)
FNDA:0,(anonymous_11)
FNDA:0,(anonymous_12)
FNDA:0,(anonymous_13)
FNDA:0,(anonymous_14)
FNDA:0,(anonymous_15)
FNDA:0,(anonymous_16)
FNDA:0,(anonymous_17)
FNDA:0,(anonymous_18)
FNDA:0,(anonymous_19)
DA:14,0
DA:19,0
DA:20,0
DA:21,0
DA:24,0
DA:25,0
DA:26,0
DA:27,0
DA:28,0
DA:29,0
DA:30,0
DA:36,0
DA:37,0
DA:38,0
DA:42,0
DA:43,0
DA:44,0
DA:45,0
DA:46,0
DA:50,0
DA:58,0
DA:60,0
DA:61,0
DA:63,0
DA:66,0
DA:67,0
DA:68,0
DA:70,0
DA:71,0
DA:73,0
DA:78,0
DA:79,0
DA:80,0
DA:85,0
DA:86,0
DA:87,0
DA:92,0
DA:93,0
DA:97,0
DA:98,0
DA:99,0
DA:101,0
DA:103,0
DA:106,0
DA:109,0
DA:114,0
DA:115,0
DA:116,0
DA:121,0
DA:122,0
DA:126,0
DA:130,0
DA:141,0
DA:142,0
DA:146,0
DA:150,0
DA:160,0
DA:163,0
DA:165,0
DA:166,0
DA:210,0
LF:61
LH:0
BRDA:24,0,0,0
BRDA:24,0,1,0
BRDA:37,1,0,0
BRDA:37,1,1,0
BRDA:42,2,0,0
BRDA:44,3,0,0
BRDA:44,3,1,0
BRDA:55,4,0,0
BRDA:55,4,1,0
BRDA:60,5,0,0
BRDA:60,5,1,0
BRDA:67,6,0,0
BRDA:67,6,1,0
BRDA:79,7,0,0
BRDA:79,7,1,0
BRDA:86,8,0,0
BRDA:86,8,1,0
BRDA:86,9,0,0
BRDA:86,9,1,0
BRDA:101,10,0,0
BRDA:101,10,1,0
BRDA:115,11,0,0
BRDA:115,11,1,0
BRDA:128,12,0,0
BRDA:128,12,1,0
BRDA:148,13,0,0
BRDA:148,13,1,0
BRDA:184,14,0,0
BRDA:184,14,1,0
BRDA:195,15,0,0
BRDA:195,15,1,0
BRDA:197,16,0,0
BRDA:197,16,1,0
BRDA:197,17,0,0
BRDA:197,17,1,0
BRF:35
BRH:0
end_of_record
TN:
SF:src/store/useWineStore.ts
FN:28,(anonymous_0)
FN:33,(anonymous_1)
FN:34,(anonymous_2)
FN:38,(anonymous_3)
FN:39,(anonymous_4)
FN:43,(anonymous_5)
FN:44,(anonymous_6)
FN:45,(anonymous_7)
FN:48,(anonymous_8)
FN:49,(anonymous_9)
FN:51,(anonymous_10)
FNF:11
FNH:0
FNDA:0,(anonymous_0)
FNDA:0,(anonymous_1)
FNDA:0,(anonymous_2)
FNDA:0,(anonymous_3)
FNDA:0,(anonymous_4)
FNDA:0,(anonymous_5)
FNDA:0,(anonymous_6)
FNDA:0,(anonymous_7)
FNDA:0,(anonymous_8)
FNDA:0,(anonymous_9)
FNDA:0,(anonymous_10)
DA:28,0
DA:34,0
DA:39,0
DA:44,0
DA:45,0
DA:49,0
DA:51,0
DA:53,0
LF:8
LH:0
BRDA:40,0,0,0
BRDA:40,0,1,0
BRF:2
BRH:0
end_of_record
TN:
SF:src/theme/theme.ts
FNF:0
FNH:0
DA:3,0
DA:7,0
LF:2
LH:0
BRF:0
BRH:0
end_of_record
